Performing Test HAVE_FSETXATTR_5 failed with the following output:
Change Dir: /Users/mac/CLionProjects/prg_9laba_REST_(curl)/cmake-build-debug/CMakeFiles/CMakeTmp

Run Build Command(s):/Users/mac/Applications/CLion.app/Contents/bin/ninja/mac/ninja -v cmTC_9658c && [1/2] /Applications/Xcode.app/Contents/Developer/Toolchains/XcodeDefault.xctoolchain/usr/bin/cc   -Wextra -Wall -pedantic -Wbad-function-cast -Wconversion -Winline -Wmissing-declarations -Wmissing-prototypes -Wnested-externs -Wno-long-long -Wno-multichar -Wpointer-arith -Wshadow -Wsign-compare -Wundef -Wunused -Wwrite-strings -Waddress -Wattributes -Wcast-align -Wdeclaration-after-statement -Wdiv-by-zero -Wempty-body -Wendif-labels -Wfloat-equal -Wformat-security -Wignored-qualifiers -Wmissing-field-initializers -Wmissing-noreturn -Wno-format-nonliteral -Wno-system-headers -Wold-style-definition -Wredundant-decls -Wsign-conversion -Wno-error=sign-conversion -Wstrict-prototypes -Wtype-limits -Wunreachable-code -Wunused-parameter -Wvla -Wshift-sign-overflow -Wshorten-64-to-32 -Wlanguage-extension-token -Wformat=2 -Wdouble-promotion -Wenum-conversion -Wpragmas -Wunused-const-variable -Wunreachable-code-break -Wheader-guard -Wsometimes-uninitialized -Wcomma -Wmissing-variable-declarations -Wassign-enum -Wextra-semi-stmt -Wimplicit-fallthrough -DHAVE_FSETXATTR_5  -DHAVE_LDAP_H -DHAVE_LBER_H -DHAVE_SYS_FILIO_H -DHAVE_SYS_WAIT_H -DHAVE_SYS_IOCTL_H -DHAVE_SYS_PARAM_H -DHAVE_SYS_POLL_H -DHAVE_SYS_RESOURCE_H -DHAVE_SYS_SELECT_H -DHAVE_SYS_SOCKET_H -DHAVE_SYS_SOCKIO_H -DHAVE_SYS_STAT_H -DHAVE_SYS_TIME_H -DHAVE_SYS_TYPES_H -DHAVE_SYS_UN_H -DHAVE_SYS_XATTR_H -DHAVE_ARPA_INET_H -DHAVE_FCNTL_H -DHAVE_IFADDRS_H -DHAVE_LIBGEN_H -DHAVE_LOCALE_H -DHAVE_NET_IF_H -DHAVE_NETDB_H -DHAVE_NETINET_IN_H -DHAVE_NETINET_TCP_H -DHAVE_NETINET_UDP_H -DHAVE_POLL_H -DHAVE_PWD_H -DHAVE_STDATOMIC_H -DHAVE_STDBOOL_H -DHAVE_STRINGS_H -DHAVE_TERMIOS_H -DHAVE_UNISTD_H -DHAVE_UTIME_H -arch arm64 -isysroot /Applications/Xcode.app/Contents/Developer/Platforms/MacOSX.platform/Developer/SDKs/MacOSX14.2.sdk -mmacosx-version-min=13.5 -MD -MT CMakeFiles/cmTC_9658c.dir/CurlTests.c.o -MF CMakeFiles/cmTC_9658c.dir/CurlTests.c.o.d -o CMakeFiles/cmTC_9658c.dir/CurlTests.c.o -c '/Users/mac/CLionProjects/prg_9laba_REST_(curl)/cmake-build-debug/_deps/curl-src/CMake/CurlTests.c'
[31mFAILED: [0mCMakeFiles/cmTC_9658c.dir/CurlTests.c.o 
/Applications/Xcode.app/Contents/Developer/Toolchains/XcodeDefault.xctoolchain/usr/bin/cc   -Wextra -Wall -pedantic -Wbad-function-cast -Wconversion -Winline -Wmissing-declarations -Wmissing-prototypes -Wnested-externs -Wno-long-long -Wno-multichar -Wpointer-arith -Wshadow -Wsign-compare -Wundef -Wunused -Wwrite-strings -Waddress -Wattributes -Wcast-align -Wdeclaration-after-statement -Wdiv-by-zero -Wempty-body -Wendif-labels -Wfloat-equal -Wformat-security -Wignored-qualifiers -Wmissing-field-initializers -Wmissing-noreturn -Wno-format-nonliteral -Wno-system-headers -Wold-style-definition -Wredundant-decls -Wsign-conversion -Wno-error=sign-conversion -Wstrict-prototypes -Wtype-limits -Wunreachable-code -Wunused-parameter -Wvla -Wshift-sign-overflow -Wshorten-64-to-32 -Wlanguage-extension-token -Wformat=2 -Wdouble-promotion -Wenum-conversion -Wpragmas -Wunused-const-variable -Wunreachable-code-break -Wheader-guard -Wsometimes-uninitialized -Wcomma -Wmissing-variable-declarations -Wassign-enum -Wextra-semi-stmt -Wimplicit-fallthrough -DHAVE_FSETXATTR_5  -DHAVE_LDAP_H -DHAVE_LBER_H -DHAVE_SYS_FILIO_H -DHAVE_SYS_WAIT_H -DHAVE_SYS_IOCTL_H -DHAVE_SYS_PARAM_H -DHAVE_SYS_POLL_H -DHAVE_SYS_RESOURCE_H -DHAVE_SYS_SELECT_H -DHAVE_SYS_SOCKET_H -DHAVE_SYS_SOCKIO_H -DHAVE_SYS_STAT_H -DHAVE_SYS_TIME_H -DHAVE_SYS_TYPES_H -DHAVE_SYS_UN_H -DHAVE_SYS_XATTR_H -DHAVE_ARPA_INET_H -DHAVE_FCNTL_H -DHAVE_IFADDRS_H -DHAVE_LIBGEN_H -DHAVE_LOCALE_H -DHAVE_NET_IF_H -DHAVE_NETDB_H -DHAVE_NETINET_IN_H -DHAVE_NETINET_TCP_H -DHAVE_NETINET_UDP_H -DHAVE_POLL_H -DHAVE_PWD_H -DHAVE_STDATOMIC_H -DHAVE_STDBOOL_H -DHAVE_STRINGS_H -DHAVE_TERMIOS_H -DHAVE_UNISTD_H -DHAVE_UTIME_H -arch arm64 -isysroot /Applications/Xcode.app/Contents/Developer/Platforms/MacOSX.platform/Developer/SDKs/MacOSX14.2.sdk -mmacosx-version-min=13.5 -MD -MT CMakeFiles/cmTC_9658c.dir/CurlTests.c.o -MF CMakeFiles/cmTC_9658c.dir/CurlTests.c.o.d -o CMakeFiles/cmTC_9658c.dir/CurlTests.c.o -c '/Users/mac/CLionProjects/prg_9laba_REST_(curl)/cmake-build-debug/_deps/curl-src/CMake/CurlTests.c'
/Users/mac/CLionProjects/prg_9laba_REST_(curl)/cmake-build-debug/_deps/curl-src/CMake/CurlTests.c:365:26: error: too few arguments to function call, expected 6, have 5
  fsetxattr(0, 0, 0, 0, 0);
  ~~~~~~~~~              ^
/Applications/Xcode.app/Contents/Developer/Platforms/MacOSX.platform/Developer/SDKs/MacOSX14.2.sdk/usr/include/sys/xattr.h:67:5: note: 'fsetxattr' declared here
int fsetxattr(int fd, const char *name, const void *value, size_t size, u_int32_t position, int options);
    ^
1 error generated.
ninja: build stopped: subcommand failed.


Performing Test HAVE_IOCTLSOCKET failed with the following output:
Change Dir: /Users/mac/CLionProjects/prg_9laba_REST_(curl)/cmake-build-debug/CMakeFiles/CMakeTmp

Run Build Command(s):/Users/mac/Applications/CLion.app/Contents/bin/ninja/mac/ninja -v cmTC_820ce && [1/2] /Applications/Xcode.app/Contents/Developer/Toolchains/XcodeDefault.xctoolchain/usr/bin/cc   -Wextra -Wall -pedantic -Wbad-function-cast -Wconversion -Winline -Wmissing-declarations -Wmissing-prototypes -Wnested-externs -Wno-long-long -Wno-multichar -Wpointer-arith -Wshadow -Wsign-compare -Wundef -Wunused -Wwrite-strings -Waddress -Wattributes -Wcast-align -Wdeclaration-after-statement -Wdiv-by-zero -Wempty-body -Wendif-labels -Wfloat-equal -Wformat-security -Wignored-qualifiers -Wmissing-field-initializers -Wmissing-noreturn -Wno-format-nonliteral -Wno-system-headers -Wold-style-definition -Wredundant-decls -Wsign-conversion -Wno-error=sign-conversion -Wstrict-prototypes -Wtype-limits -Wunreachable-code -Wunused-parameter -Wvla -Wshift-sign-overflow -Wshorten-64-to-32 -Wlanguage-extension-token -Wformat=2 -Wdouble-promotion -Wenum-conversion -Wpragmas -Wunused-const-variable -Wunreachable-code-break -Wheader-guard -Wsometimes-uninitialized -Wcomma -Wmissing-variable-declarations -Wassign-enum -Wextra-semi-stmt -Wimplicit-fallthrough -DHAVE_IOCTLSOCKET  -DHAVE_LDAP_H -DHAVE_LBER_H -DHAVE_SYS_FILIO_H -DHAVE_SYS_WAIT_H -DHAVE_SYS_IOCTL_H -DHAVE_SYS_PARAM_H -DHAVE_SYS_POLL_H -DHAVE_SYS_RESOURCE_H -DHAVE_SYS_SELECT_H -DHAVE_SYS_SOCKET_H -DHAVE_SYS_SOCKIO_H -DHAVE_SYS_STAT_H -DHAVE_SYS_TIME_H -DHAVE_SYS_TYPES_H -DHAVE_SYS_UN_H -DHAVE_SYS_XATTR_H -DHAVE_ARPA_INET_H -DHAVE_FCNTL_H -DHAVE_IFADDRS_H -DHAVE_LIBGEN_H -DHAVE_LOCALE_H -DHAVE_NET_IF_H -DHAVE_NETDB_H -DHAVE_NETINET_IN_H -DHAVE_NETINET_TCP_H -DHAVE_NETINET_UDP_H -DHAVE_POLL_H -DHAVE_PWD_H -DHAVE_STDATOMIC_H -DHAVE_STDBOOL_H -DHAVE_STRINGS_H -DHAVE_TERMIOS_H -DHAVE_UNISTD_H -DHAVE_UTIME_H -arch arm64 -isysroot /Applications/Xcode.app/Contents/Developer/Platforms/MacOSX.platform/Developer/SDKs/MacOSX14.2.sdk -mmacosx-version-min=13.5 -MD -MT CMakeFiles/cmTC_820ce.dir/CurlTests.c.o -MF CMakeFiles/cmTC_820ce.dir/CurlTests.c.o.d -o CMakeFiles/cmTC_820ce.dir/CurlTests.c.o -c '/Users/mac/CLionProjects/prg_9laba_REST_(curl)/cmake-build-debug/_deps/curl-src/CMake/CurlTests.c'
[31mFAILED: [0mCMakeFiles/cmTC_820ce.dir/CurlTests.c.o 
/Applications/Xcode.app/Contents/Developer/Toolchains/XcodeDefault.xctoolchain/usr/bin/cc   -Wextra -Wall -pedantic -Wbad-function-cast -Wconversion -Winline -Wmissing-declarations -Wmissing-prototypes -Wnested-externs -Wno-long-long -Wno-multichar -Wpointer-arith -Wshadow -Wsign-compare -Wundef -Wunused -Wwrite-strings -Waddress -Wattributes -Wcast-align -Wdeclaration-after-statement -Wdiv-by-zero -Wempty-body -Wendif-labels -Wfloat-equal -Wformat-security -Wignored-qualifiers -Wmissing-field-initializers -Wmissing-noreturn -Wno-format-nonliteral -Wno-system-headers -Wold-style-definition -Wredundant-decls -Wsign-conversion -Wno-error=sign-conversion -Wstrict-prototypes -Wtype-limits -Wunreachable-code -Wunused-parameter -Wvla -Wshift-sign-overflow -Wshorten-64-to-32 -Wlanguage-extension-token -Wformat=2 -Wdouble-promotion -Wenum-conversion -Wpragmas -Wunused-const-variable -Wunreachable-code-break -Wheader-guard -Wsometimes-uninitialized -Wcomma -Wmissing-variable-declarations -Wassign-enum -Wextra-semi-stmt -Wimplicit-fallthrough -DHAVE_IOCTLSOCKET  -DHAVE_LDAP_H -DHAVE_LBER_H -DHAVE_SYS_FILIO_H -DHAVE_SYS_WAIT_H -DHAVE_SYS_IOCTL_H -DHAVE_SYS_PARAM_H -DHAVE_SYS_POLL_H -DHAVE_SYS_RESOURCE_H -DHAVE_SYS_SELECT_H -DHAVE_SYS_SOCKET_H -DHAVE_SYS_SOCKIO_H -DHAVE_SYS_STAT_H -DHAVE_SYS_TIME_H -DHAVE_SYS_TYPES_H -DHAVE_SYS_UN_H -DHAVE_SYS_XATTR_H -DHAVE_ARPA_INET_H -DHAVE_FCNTL_H -DHAVE_IFADDRS_H -DHAVE_LIBGEN_H -DHAVE_LOCALE_H -DHAVE_NET_IF_H -DHAVE_NETDB_H -DHAVE_NETINET_IN_H -DHAVE_NETINET_TCP_H -DHAVE_NETINET_UDP_H -DHAVE_POLL_H -DHAVE_PWD_H -DHAVE_STDATOMIC_H -DHAVE_STDBOOL_H -DHAVE_STRINGS_H -DHAVE_TERMIOS_H -DHAVE_UNISTD_H -DHAVE_UTIME_H -arch arm64 -isysroot /Applications/Xcode.app/Contents/Developer/Platforms/MacOSX.platform/Developer/SDKs/MacOSX14.2.sdk -mmacosx-version-min=13.5 -MD -MT CMakeFiles/cmTC_820ce.dir/CurlTests.c.o -MF CMakeFiles/cmTC_820ce.dir/CurlTests.c.o.d -o CMakeFiles/cmTC_820ce.dir/CurlTests.c.o -c '/Users/mac/CLionProjects/prg_9laba_REST_(curl)/cmake-build-debug/_deps/curl-src/CMake/CurlTests.c'
/Users/mac/CLionProjects/prg_9laba_REST_(curl)/cmake-build-debug/_deps/curl-src/CMake/CurlTests.c:177:25: error: call to undeclared function 'ioctlsocket'; ISO C99 and later do not support implicit function declarations [-Wimplicit-function-declaration]
  unsigned long flags = ioctlsocket(socket, FIONBIO, &flags);
                        ^
/Users/mac/CLionProjects/prg_9laba_REST_(curl)/cmake-build-debug/_deps/curl-src/CMake/CurlTests.c:177:45: error: use of undeclared identifier 'FIONBIO'
  unsigned long flags = ioctlsocket(socket, FIONBIO, &flags);
                                            ^
/Users/mac/CLionProjects/prg_9laba_REST_(curl)/cmake-build-debug/_deps/curl-src/CMake/CurlTests.c:178:3: warning: empty expression statement has no effect; remove unnecessary ';' to silence this warning [-Wextra-semi-stmt]
  ;
  ^
1 warning and 2 errors generated.
ninja: build stopped: subcommand failed.


Performing Test HAVE_IOCTLSOCKET_CAMEL failed with the following output:
Change Dir: /Users/mac/CLionProjects/prg_9laba_REST_(curl)/cmake-build-debug/CMakeFiles/CMakeTmp

Run Build Command(s):/Users/mac/Applications/CLion.app/Contents/bin/ninja/mac/ninja -v cmTC_069e6 && [1/2] /Applications/Xcode.app/Contents/Developer/Toolchains/XcodeDefault.xctoolchain/usr/bin/cc   -Wextra -Wall -pedantic -Wbad-function-cast -Wconversion -Winline -Wmissing-declarations -Wmissing-prototypes -Wnested-externs -Wno-long-long -Wno-multichar -Wpointer-arith -Wshadow -Wsign-compare -Wundef -Wunused -Wwrite-strings -Waddress -Wattributes -Wcast-align -Wdeclaration-after-statement -Wdiv-by-zero -Wempty-body -Wendif-labels -Wfloat-equal -Wformat-security -Wignored-qualifiers -Wmissing-field-initializers -Wmissing-noreturn -Wno-format-nonliteral -Wno-system-headers -Wold-style-definition -Wredundant-decls -Wsign-conversion -Wno-error=sign-conversion -Wstrict-prototypes -Wtype-limits -Wunreachable-code -Wunused-parameter -Wvla -Wshift-sign-overflow -Wshorten-64-to-32 -Wlanguage-extension-token -Wformat=2 -Wdouble-promotion -Wenum-conversion -Wpragmas -Wunused-const-variable -Wunreachable-code-break -Wheader-guard -Wsometimes-uninitialized -Wcomma -Wmissing-variable-declarations -Wassign-enum -Wextra-semi-stmt -Wimplicit-fallthrough -DHAVE_IOCTLSOCKET_CAMEL  -DHAVE_LDAP_H -DHAVE_LBER_H -DHAVE_SYS_FILIO_H -DHAVE_SYS_WAIT_H -DHAVE_SYS_IOCTL_H -DHAVE_SYS_PARAM_H -DHAVE_SYS_POLL_H -DHAVE_SYS_RESOURCE_H -DHAVE_SYS_SELECT_H -DHAVE_SYS_SOCKET_H -DHAVE_SYS_SOCKIO_H -DHAVE_SYS_STAT_H -DHAVE_SYS_TIME_H -DHAVE_SYS_TYPES_H -DHAVE_SYS_UN_H -DHAVE_SYS_XATTR_H -DHAVE_ARPA_INET_H -DHAVE_FCNTL_H -DHAVE_IFADDRS_H -DHAVE_LIBGEN_H -DHAVE_LOCALE_H -DHAVE_NET_IF_H -DHAVE_NETDB_H -DHAVE_NETINET_IN_H -DHAVE_NETINET_TCP_H -DHAVE_NETINET_UDP_H -DHAVE_POLL_H -DHAVE_PWD_H -DHAVE_STDATOMIC_H -DHAVE_STDBOOL_H -DHAVE_STRINGS_H -DHAVE_TERMIOS_H -DHAVE_UNISTD_H -DHAVE_UTIME_H -arch arm64 -isysroot /Applications/Xcode.app/Contents/Developer/Platforms/MacOSX.platform/Developer/SDKs/MacOSX14.2.sdk -mmacosx-version-min=13.5 -MD -MT CMakeFiles/cmTC_069e6.dir/CurlTests.c.o -MF CMakeFiles/cmTC_069e6.dir/CurlTests.c.o.d -o CMakeFiles/cmTC_069e6.dir/CurlTests.c.o -c '/Users/mac/CLionProjects/prg_9laba_REST_(curl)/cmake-build-debug/_deps/curl-src/CMake/CurlTests.c'
[31mFAILED: [0mCMakeFiles/cmTC_069e6.dir/CurlTests.c.o 
/Applications/Xcode.app/Contents/Developer/Toolchains/XcodeDefault.xctoolchain/usr/bin/cc   -Wextra -Wall -pedantic -Wbad-function-cast -Wconversion -Winline -Wmissing-declarations -Wmissing-prototypes -Wnested-externs -Wno-long-long -Wno-multichar -Wpointer-arith -Wshadow -Wsign-compare -Wundef -Wunused -Wwrite-strings -Waddress -Wattributes -Wcast-align -Wdeclaration-after-statement -Wdiv-by-zero -Wempty-body -Wendif-labels -Wfloat-equal -Wformat-security -Wignored-qualifiers -Wmissing-field-initializers -Wmissing-noreturn -Wno-format-nonliteral -Wno-system-headers -Wold-style-definition -Wredundant-decls -Wsign-conversion -Wno-error=sign-conversion -Wstrict-prototypes -Wtype-limits -Wunreachable-code -Wunused-parameter -Wvla -Wshift-sign-overflow -Wshorten-64-to-32 -Wlanguage-extension-token -Wformat=2 -Wdouble-promotion -Wenum-conversion -Wpragmas -Wunused-const-variable -Wunreachable-code-break -Wheader-guard -Wsometimes-uninitialized -Wcomma -Wmissing-variable-declarations -Wassign-enum -Wextra-semi-stmt -Wimplicit-fallthrough -DHAVE_IOCTLSOCKET_CAMEL  -DHAVE_LDAP_H -DHAVE_LBER_H -DHAVE_SYS_FILIO_H -DHAVE_SYS_WAIT_H -DHAVE_SYS_IOCTL_H -DHAVE_SYS_PARAM_H -DHAVE_SYS_POLL_H -DHAVE_SYS_RESOURCE_H -DHAVE_SYS_SELECT_H -DHAVE_SYS_SOCKET_H -DHAVE_SYS_SOCKIO_H -DHAVE_SYS_STAT_H -DHAVE_SYS_TIME_H -DHAVE_SYS_TYPES_H -DHAVE_SYS_UN_H -DHAVE_SYS_XATTR_H -DHAVE_ARPA_INET_H -DHAVE_FCNTL_H -DHAVE_IFADDRS_H -DHAVE_LIBGEN_H -DHAVE_LOCALE_H -DHAVE_NET_IF_H -DHAVE_NETDB_H -DHAVE_NETINET_IN_H -DHAVE_NETINET_TCP_H -DHAVE_NETINET_UDP_H -DHAVE_POLL_H -DHAVE_PWD_H -DHAVE_STDATOMIC_H -DHAVE_STDBOOL_H -DHAVE_STRINGS_H -DHAVE_TERMIOS_H -DHAVE_UNISTD_H -DHAVE_UTIME_H -arch arm64 -isysroot /Applications/Xcode.app/Contents/Developer/Platforms/MacOSX.platform/Developer/SDKs/MacOSX14.2.sdk -mmacosx-version-min=13.5 -MD -MT CMakeFiles/cmTC_069e6.dir/CurlTests.c.o -MF CMakeFiles/cmTC_069e6.dir/CurlTests.c.o.d -o CMakeFiles/cmTC_069e6.dir/CurlTests.c.o -c '/Users/mac/CLionProjects/prg_9laba_REST_(curl)/cmake-build-debug/_deps/curl-src/CMake/CurlTests.c'
/Users/mac/CLionProjects/prg_9laba_REST_(curl)/cmake-build-debug/_deps/curl-src/CMake/CurlTests.c:195:11: error: call to undeclared function 'IoctlSocket'; ISO C99 and later do not support implicit function declarations [-Wimplicit-function-declaration]
  if(0 != IoctlSocket(0, 0, 0))
          ^
/Users/mac/CLionProjects/prg_9laba_REST_(curl)/cmake-build-debug/_deps/curl-src/CMake/CurlTests.c:197:3: warning: empty expression statement has no effect; remove unnecessary ';' to silence this warning [-Wextra-semi-stmt]
  ;
  ^
1 warning and 1 error generated.
ninja: build stopped: subcommand failed.


Performing Test HAVE_IOCTLSOCKET_CAMEL_FIONBIO failed with the following output:
Change Dir: /Users/mac/CLionProjects/prg_9laba_REST_(curl)/cmake-build-debug/CMakeFiles/CMakeTmp

Run Build Command(s):/Users/mac/Applications/CLion.app/Contents/bin/ninja/mac/ninja -v cmTC_1fefc && [1/2] /Applications/Xcode.app/Contents/Developer/Toolchains/XcodeDefault.xctoolchain/usr/bin/cc   -Wextra -Wall -pedantic -Wbad-function-cast -Wconversion -Winline -Wmissing-declarations -Wmissing-prototypes -Wnested-externs -Wno-long-long -Wno-multichar -Wpointer-arith -Wshadow -Wsign-compare -Wundef -Wunused -Wwrite-strings -Waddress -Wattributes -Wcast-align -Wdeclaration-after-statement -Wdiv-by-zero -Wempty-body -Wendif-labels -Wfloat-equal -Wformat-security -Wignored-qualifiers -Wmissing-field-initializers -Wmissing-noreturn -Wno-format-nonliteral -Wno-system-headers -Wold-style-definition -Wredundant-decls -Wsign-conversion -Wno-error=sign-conversion -Wstrict-prototypes -Wtype-limits -Wunreachable-code -Wunused-parameter -Wvla -Wshift-sign-overflow -Wshorten-64-to-32 -Wlanguage-extension-token -Wformat=2 -Wdouble-promotion -Wenum-conversion -Wpragmas -Wunused-const-variable -Wunreachable-code-break -Wheader-guard -Wsometimes-uninitialized -Wcomma -Wmissing-variable-declarations -Wassign-enum -Wextra-semi-stmt -Wimplicit-fallthrough -DHAVE_IOCTLSOCKET_CAMEL_FIONBIO  -DHAVE_LDAP_H -DHAVE_LBER_H -DHAVE_SYS_FILIO_H -DHAVE_SYS_WAIT_H -DHAVE_SYS_IOCTL_H -DHAVE_SYS_PARAM_H -DHAVE_SYS_POLL_H -DHAVE_SYS_RESOURCE_H -DHAVE_SYS_SELECT_H -DHAVE_SYS_SOCKET_H -DHAVE_SYS_SOCKIO_H -DHAVE_SYS_STAT_H -DHAVE_SYS_TIME_H -DHAVE_SYS_TYPES_H -DHAVE_SYS_UN_H -DHAVE_SYS_XATTR_H -DHAVE_ARPA_INET_H -DHAVE_FCNTL_H -DHAVE_IFADDRS_H -DHAVE_LIBGEN_H -DHAVE_LOCALE_H -DHAVE_NET_IF_H -DHAVE_NETDB_H -DHAVE_NETINET_IN_H -DHAVE_NETINET_TCP_H -DHAVE_NETINET_UDP_H -DHAVE_POLL_H -DHAVE_PWD_H -DHAVE_STDATOMIC_H -DHAVE_STDBOOL_H -DHAVE_STRINGS_H -DHAVE_TERMIOS_H -DHAVE_UNISTD_H -DHAVE_UTIME_H -arch arm64 -isysroot /Applications/Xcode.app/Contents/Developer/Platforms/MacOSX.platform/Developer/SDKs/MacOSX14.2.sdk -mmacosx-version-min=13.5 -MD -MT CMakeFiles/cmTC_1fefc.dir/CurlTests.c.o -MF CMakeFiles/cmTC_1fefc.dir/CurlTests.c.o.d -o CMakeFiles/cmTC_1fefc.dir/CurlTests.c.o -c '/Users/mac/CLionProjects/prg_9laba_REST_(curl)/cmake-build-debug/_deps/curl-src/CMake/CurlTests.c'
[31mFAILED: [0mCMakeFiles/cmTC_1fefc.dir/CurlTests.c.o 
/Applications/Xcode.app/Contents/Developer/Toolchains/XcodeDefault.xctoolchain/usr/bin/cc   -Wextra -Wall -pedantic -Wbad-function-cast -Wconversion -Winline -Wmissing-declarations -Wmissing-prototypes -Wnested-externs -Wno-long-long -Wno-multichar -Wpointer-arith -Wshadow -Wsign-compare -Wundef -Wunused -Wwrite-strings -Waddress -Wattributes -Wcast-align -Wdeclaration-after-statement -Wdiv-by-zero -Wempty-body -Wendif-labels -Wfloat-equal -Wformat-security -Wignored-qualifiers -Wmissing-field-initializers -Wmissing-noreturn -Wno-format-nonliteral -Wno-system-headers -Wold-style-definition -Wredundant-decls -Wsign-conversion -Wno-error=sign-conversion -Wstrict-prototypes -Wtype-limits -Wunreachable-code -Wunused-parameter -Wvla -Wshift-sign-overflow -Wshorten-64-to-32 -Wlanguage-extension-token -Wformat=2 -Wdouble-promotion -Wenum-conversion -Wpragmas -Wunused-const-variable -Wunreachable-code-break -Wheader-guard -Wsometimes-uninitialized -Wcomma -Wmissing-variable-declarations -Wassign-enum -Wextra-semi-stmt -Wimplicit-fallthrough -DHAVE_IOCTLSOCKET_CAMEL_FIONBIO  -DHAVE_LDAP_H -DHAVE_LBER_H -DHAVE_SYS_FILIO_H -DHAVE_SYS_WAIT_H -DHAVE_SYS_IOCTL_H -DHAVE_SYS_PARAM_H -DHAVE_SYS_POLL_H -DHAVE_SYS_RESOURCE_H -DHAVE_SYS_SELECT_H -DHAVE_SYS_SOCKET_H -DHAVE_SYS_SOCKIO_H -DHAVE_SYS_STAT_H -DHAVE_SYS_TIME_H -DHAVE_SYS_TYPES_H -DHAVE_SYS_UN_H -DHAVE_SYS_XATTR_H -DHAVE_ARPA_INET_H -DHAVE_FCNTL_H -DHAVE_IFADDRS_H -DHAVE_LIBGEN_H -DHAVE_LOCALE_H -DHAVE_NET_IF_H -DHAVE_NETDB_H -DHAVE_NETINET_IN_H -DHAVE_NETINET_TCP_H -DHAVE_NETINET_UDP_H -DHAVE_POLL_H -DHAVE_PWD_H -DHAVE_STDATOMIC_H -DHAVE_STDBOOL_H -DHAVE_STRINGS_H -DHAVE_TERMIOS_H -DHAVE_UNISTD_H -DHAVE_UTIME_H -arch arm64 -isysroot /Applications/Xcode.app/Contents/Developer/Platforms/MacOSX.platform/Developer/SDKs/MacOSX14.2.sdk -mmacosx-version-min=13.5 -MD -MT CMakeFiles/cmTC_1fefc.dir/CurlTests.c.o -MF CMakeFiles/cmTC_1fefc.dir/CurlTests.c.o.d -o CMakeFiles/cmTC_1fefc.dir/CurlTests.c.o -c '/Users/mac/CLionProjects/prg_9laba_REST_(curl)/cmake-build-debug/_deps/curl-src/CMake/CurlTests.c'
/Users/mac/CLionProjects/prg_9laba_REST_(curl)/cmake-build-debug/_deps/curl-src/CMake/CurlTests.c:214:11: error: call to undeclared function 'IoctlSocket'; ISO C99 and later do not support implicit function declarations [-Wimplicit-function-declaration]
  if(0 != IoctlSocket(0, FIONBIO, &flags))
          ^
/Users/mac/CLionProjects/prg_9laba_REST_(curl)/cmake-build-debug/_deps/curl-src/CMake/CurlTests.c:214:26: error: use of undeclared identifier 'FIONBIO'
  if(0 != IoctlSocket(0, FIONBIO, &flags))
                         ^
/Users/mac/CLionProjects/prg_9laba_REST_(curl)/cmake-build-debug/_deps/curl-src/CMake/CurlTests.c:216:3: warning: empty expression statement has no effect; remove unnecessary ';' to silence this warning [-Wextra-semi-stmt]
  ;
  ^
1 warning and 2 errors generated.
ninja: build stopped: subcommand failed.


Performing Test HAVE_IOCTLSOCKET_FIONBIO failed with the following output:
Change Dir: /Users/mac/CLionProjects/prg_9laba_REST_(curl)/cmake-build-debug/CMakeFiles/CMakeTmp

Run Build Command(s):/Users/mac/Applications/CLion.app/Contents/bin/ninja/mac/ninja -v cmTC_c1ed2 && [1/2] /Applications/Xcode.app/Contents/Developer/Toolchains/XcodeDefault.xctoolchain/usr/bin/cc   -Wextra -Wall -pedantic -Wbad-function-cast -Wconversion -Winline -Wmissing-declarations -Wmissing-prototypes -Wnested-externs -Wno-long-long -Wno-multichar -Wpointer-arith -Wshadow -Wsign-compare -Wundef -Wunused -Wwrite-strings -Waddress -Wattributes -Wcast-align -Wdeclaration-after-statement -Wdiv-by-zero -Wempty-body -Wendif-labels -Wfloat-equal -Wformat-security -Wignored-qualifiers -Wmissing-field-initializers -Wmissing-noreturn -Wno-format-nonliteral -Wno-system-headers -Wold-style-definition -Wredundant-decls -Wsign-conversion -Wno-error=sign-conversion -Wstrict-prototypes -Wtype-limits -Wunreachable-code -Wunused-parameter -Wvla -Wshift-sign-overflow -Wshorten-64-to-32 -Wlanguage-extension-token -Wformat=2 -Wdouble-promotion -Wenum-conversion -Wpragmas -Wunused-const-variable -Wunreachable-code-break -Wheader-guard -Wsometimes-uninitialized -Wcomma -Wmissing-variable-declarations -Wassign-enum -Wextra-semi-stmt -Wimplicit-fallthrough -DHAVE_IOCTLSOCKET_FIONBIO  -DHAVE_LDAP_H -DHAVE_LBER_H -DHAVE_SYS_FILIO_H -DHAVE_SYS_WAIT_H -DHAVE_SYS_IOCTL_H -DHAVE_SYS_PARAM_H -DHAVE_SYS_POLL_H -DHAVE_SYS_RESOURCE_H -DHAVE_SYS_SELECT_H -DHAVE_SYS_SOCKET_H -DHAVE_SYS_SOCKIO_H -DHAVE_SYS_STAT_H -DHAVE_SYS_TIME_H -DHAVE_SYS_TYPES_H -DHAVE_SYS_UN_H -DHAVE_SYS_XATTR_H -DHAVE_ARPA_INET_H -DHAVE_FCNTL_H -DHAVE_IFADDRS_H -DHAVE_LIBGEN_H -DHAVE_LOCALE_H -DHAVE_NET_IF_H -DHAVE_NETDB_H -DHAVE_NETINET_IN_H -DHAVE_NETINET_TCP_H -DHAVE_NETINET_UDP_H -DHAVE_POLL_H -DHAVE_PWD_H -DHAVE_STDATOMIC_H -DHAVE_STDBOOL_H -DHAVE_STRINGS_H -DHAVE_TERMIOS_H -DHAVE_UNISTD_H -DHAVE_UTIME_H -arch arm64 -isysroot /Applications/Xcode.app/Contents/Developer/Platforms/MacOSX.platform/Developer/SDKs/MacOSX14.2.sdk -mmacosx-version-min=13.5 -MD -MT CMakeFiles/cmTC_c1ed2.dir/CurlTests.c.o -MF CMakeFiles/cmTC_c1ed2.dir/CurlTests.c.o.d -o CMakeFiles/cmTC_c1ed2.dir/CurlTests.c.o -c '/Users/mac/CLionProjects/prg_9laba_REST_(curl)/cmake-build-debug/_deps/curl-src/CMake/CurlTests.c'
[31mFAILED: [0mCMakeFiles/cmTC_c1ed2.dir/CurlTests.c.o 
/Applications/Xcode.app/Contents/Developer/Toolchains/XcodeDefault.xctoolchain/usr/bin/cc   -Wextra -Wall -pedantic -Wbad-function-cast -Wconversion -Winline -Wmissing-declarations -Wmissing-prototypes -Wnested-externs -Wno-long-long -Wno-multichar -Wpointer-arith -Wshadow -Wsign-compare -Wundef -Wunused -Wwrite-strings -Waddress -Wattributes -Wcast-align -Wdeclaration-after-statement -Wdiv-by-zero -Wempty-body -Wendif-labels -Wfloat-equal -Wformat-security -Wignored-qualifiers -Wmissing-field-initializers -Wmissing-noreturn -Wno-format-nonliteral -Wno-system-headers -Wold-style-definition -Wredundant-decls -Wsign-conversion -Wno-error=sign-conversion -Wstrict-prototypes -Wtype-limits -Wunreachable-code -Wunused-parameter -Wvla -Wshift-sign-overflow -Wshorten-64-to-32 -Wlanguage-extension-token -Wformat=2 -Wdouble-promotion -Wenum-conversion -Wpragmas -Wunused-const-variable -Wunreachable-code-break -Wheader-guard -Wsometimes-uninitialized -Wcomma -Wmissing-variable-declarations -Wassign-enum -Wextra-semi-stmt -Wimplicit-fallthrough -DHAVE_IOCTLSOCKET_FIONBIO  -DHAVE_LDAP_H -DHAVE_LBER_H -DHAVE_SYS_FILIO_H -DHAVE_SYS_WAIT_H -DHAVE_SYS_IOCTL_H -DHAVE_SYS_PARAM_H -DHAVE_SYS_POLL_H -DHAVE_SYS_RESOURCE_H -DHAVE_SYS_SELECT_H -DHAVE_SYS_SOCKET_H -DHAVE_SYS_SOCKIO_H -DHAVE_SYS_STAT_H -DHAVE_SYS_TIME_H -DHAVE_SYS_TYPES_H -DHAVE_SYS_UN_H -DHAVE_SYS_XATTR_H -DHAVE_ARPA_INET_H -DHAVE_FCNTL_H -DHAVE_IFADDRS_H -DHAVE_LIBGEN_H -DHAVE_LOCALE_H -DHAVE_NET_IF_H -DHAVE_NETDB_H -DHAVE_NETINET_IN_H -DHAVE_NETINET_TCP_H -DHAVE_NETINET_UDP_H -DHAVE_POLL_H -DHAVE_PWD_H -DHAVE_STDATOMIC_H -DHAVE_STDBOOL_H -DHAVE_STRINGS_H -DHAVE_TERMIOS_H -DHAVE_UNISTD_H -DHAVE_UTIME_H -arch arm64 -isysroot /Applications/Xcode.app/Contents/Developer/Platforms/MacOSX.platform/Developer/SDKs/MacOSX14.2.sdk -mmacosx-version-min=13.5 -MD -MT CMakeFiles/cmTC_c1ed2.dir/CurlTests.c.o -MF CMakeFiles/cmTC_c1ed2.dir/CurlTests.c.o.d -o CMakeFiles/cmTC_c1ed2.dir/CurlTests.c.o -c '/Users/mac/CLionProjects/prg_9laba_REST_(curl)/cmake-build-debug/_deps/curl-src/CMake/CurlTests.c'
/Users/mac/CLionProjects/prg_9laba_REST_(curl)/cmake-build-debug/_deps/curl-src/CMake/CurlTests.c:232:11: error: call to undeclared function 'ioctlsocket'; ISO C99 and later do not support implicit function declarations [-Wimplicit-function-declaration]
  if(0 != ioctlsocket(0, FIONBIO, &flags))
          ^
/Users/mac/CLionProjects/prg_9laba_REST_(curl)/cmake-build-debug/_deps/curl-src/CMake/CurlTests.c:232:26: error: use of undeclared identifier 'FIONBIO'
  if(0 != ioctlsocket(0, FIONBIO, &flags))
                         ^
/Users/mac/CLionProjects/prg_9laba_REST_(curl)/cmake-build-debug/_deps/curl-src/CMake/CurlTests.c:234:3: warning: empty expression statement has no effect; remove unnecessary ';' to silence this warning [-Wextra-semi-stmt]
  ;
  ^
1 warning and 2 errors generated.
ninja: build stopped: subcommand failed.


Performing Test HAVE_SETSOCKOPT_SO_NONBLOCK failed with the following output:
Change Dir: /Users/mac/CLionProjects/prg_9laba_REST_(curl)/cmake-build-debug/CMakeFiles/CMakeTmp

Run Build Command(s):/Users/mac/Applications/CLion.app/Contents/bin/ninja/mac/ninja -v cmTC_2d370 && [1/2] /Applications/Xcode.app/Contents/Developer/Toolchains/XcodeDefault.xctoolchain/usr/bin/cc   -Wextra -Wall -pedantic -Wbad-function-cast -Wconversion -Winline -Wmissing-declarations -Wmissing-prototypes -Wnested-externs -Wno-long-long -Wno-multichar -Wpointer-arith -Wshadow -Wsign-compare -Wundef -Wunused -Wwrite-strings -Waddress -Wattributes -Wcast-align -Wdeclaration-after-statement -Wdiv-by-zero -Wempty-body -Wendif-labels -Wfloat-equal -Wformat-security -Wignored-qualifiers -Wmissing-field-initializers -Wmissing-noreturn -Wno-format-nonliteral -Wno-system-headers -Wold-style-definition -Wredundant-decls -Wsign-conversion -Wno-error=sign-conversion -Wstrict-prototypes -Wtype-limits -Wunreachable-code -Wunused-parameter -Wvla -Wshift-sign-overflow -Wshorten-64-to-32 -Wlanguage-extension-token -Wformat=2 -Wdouble-promotion -Wenum-conversion -Wpragmas -Wunused-const-variable -Wunreachable-code-break -Wheader-guard -Wsometimes-uninitialized -Wcomma -Wmissing-variable-declarations -Wassign-enum -Wextra-semi-stmt -Wimplicit-fallthrough -DHAVE_SETSOCKOPT_SO_NONBLOCK  -DHAVE_LDAP_H -DHAVE_LBER_H -DHAVE_SYS_FILIO_H -DHAVE_SYS_WAIT_H -DHAVE_SYS_IOCTL_H -DHAVE_SYS_PARAM_H -DHAVE_SYS_POLL_H -DHAVE_SYS_RESOURCE_H -DHAVE_SYS_SELECT_H -DHAVE_SYS_SOCKET_H -DHAVE_SYS_SOCKIO_H -DHAVE_SYS_STAT_H -DHAVE_SYS_TIME_H -DHAVE_SYS_TYPES_H -DHAVE_SYS_UN_H -DHAVE_SYS_XATTR_H -DHAVE_ARPA_INET_H -DHAVE_FCNTL_H -DHAVE_IFADDRS_H -DHAVE_LIBGEN_H -DHAVE_LOCALE_H -DHAVE_NET_IF_H -DHAVE_NETDB_H -DHAVE_NETINET_IN_H -DHAVE_NETINET_TCP_H -DHAVE_NETINET_UDP_H -DHAVE_POLL_H -DHAVE_PWD_H -DHAVE_STDATOMIC_H -DHAVE_STDBOOL_H -DHAVE_STRINGS_H -DHAVE_TERMIOS_H -DHAVE_UNISTD_H -DHAVE_UTIME_H -arch arm64 -isysroot /Applications/Xcode.app/Contents/Developer/Platforms/MacOSX.platform/Developer/SDKs/MacOSX14.2.sdk -mmacosx-version-min=13.5 -MD -MT CMakeFiles/cmTC_2d370.dir/CurlTests.c.o -MF CMakeFiles/cmTC_2d370.dir/CurlTests.c.o.d -o CMakeFiles/cmTC_2d370.dir/CurlTests.c.o -c '/Users/mac/CLionProjects/prg_9laba_REST_(curl)/cmake-build-debug/_deps/curl-src/CMake/CurlTests.c'
[31mFAILED: [0mCMakeFiles/cmTC_2d370.dir/CurlTests.c.o 
/Applications/Xcode.app/Contents/Developer/Toolchains/XcodeDefault.xctoolchain/usr/bin/cc   -Wextra -Wall -pedantic -Wbad-function-cast -Wconversion -Winline -Wmissing-declarations -Wmissing-prototypes -Wnested-externs -Wno-long-long -Wno-multichar -Wpointer-arith -Wshadow -Wsign-compare -Wundef -Wunused -Wwrite-strings -Waddress -Wattributes -Wcast-align -Wdeclaration-after-statement -Wdiv-by-zero -Wempty-body -Wendif-labels -Wfloat-equal -Wformat-security -Wignored-qualifiers -Wmissing-field-initializers -Wmissing-noreturn -Wno-format-nonliteral -Wno-system-headers -Wold-style-definition -Wredundant-decls -Wsign-conversion -Wno-error=sign-conversion -Wstrict-prototypes -Wtype-limits -Wunreachable-code -Wunused-parameter -Wvla -Wshift-sign-overflow -Wshorten-64-to-32 -Wlanguage-extension-token -Wformat=2 -Wdouble-promotion -Wenum-conversion -Wpragmas -Wunused-const-variable -Wunreachable-code-break -Wheader-guard -Wsometimes-uninitialized -Wcomma -Wmissing-variable-declarations -Wassign-enum -Wextra-semi-stmt -Wimplicit-fallthrough -DHAVE_SETSOCKOPT_SO_NONBLOCK  -DHAVE_LDAP_H -DHAVE_LBER_H -DHAVE_SYS_FILIO_H -DHAVE_SYS_WAIT_H -DHAVE_SYS_IOCTL_H -DHAVE_SYS_PARAM_H -DHAVE_SYS_POLL_H -DHAVE_SYS_RESOURCE_H -DHAVE_SYS_SELECT_H -DHAVE_SYS_SOCKET_H -DHAVE_SYS_SOCKIO_H -DHAVE_SYS_STAT_H -DHAVE_SYS_TIME_H -DHAVE_SYS_TYPES_H -DHAVE_SYS_UN_H -DHAVE_SYS_XATTR_H -DHAVE_ARPA_INET_H -DHAVE_FCNTL_H -DHAVE_IFADDRS_H -DHAVE_LIBGEN_H -DHAVE_LOCALE_H -DHAVE_NET_IF_H -DHAVE_NETDB_H -DHAVE_NETINET_IN_H -DHAVE_NETINET_TCP_H -DHAVE_NETINET_UDP_H -DHAVE_POLL_H -DHAVE_PWD_H -DHAVE_STDATOMIC_H -DHAVE_STDBOOL_H -DHAVE_STRINGS_H -DHAVE_TERMIOS_H -DHAVE_UNISTD_H -DHAVE_UTIME_H -arch arm64 -isysroot /Applications/Xcode.app/Contents/Developer/Platforms/MacOSX.platform/Developer/SDKs/MacOSX14.2.sdk -mmacosx-version-min=13.5 -MD -MT CMakeFiles/cmTC_2d370.dir/CurlTests.c.o -MF CMakeFiles/cmTC_2d370.dir/CurlTests.c.o.d -o CMakeFiles/cmTC_2d370.dir/CurlTests.c.o -c '/Users/mac/CLionProjects/prg_9laba_REST_(curl)/cmake-build-debug/_deps/curl-src/CMake/CurlTests.c'
/Users/mac/CLionProjects/prg_9laba_REST_(curl)/cmake-build-debug/_deps/curl-src/CMake/CurlTests.c:314:37: error: use of undeclared identifier 'SO_NONBLOCK'
  if(0 != setsockopt(0, SOL_SOCKET, SO_NONBLOCK, 0, 0))
                                    ^
/Users/mac/CLionProjects/prg_9laba_REST_(curl)/cmake-build-debug/_deps/curl-src/CMake/CurlTests.c:316:3: warning: empty expression statement has no effect; remove unnecessary ';' to silence this warning [-Wextra-semi-stmt]
  ;
  ^
1 warning and 1 error generated.
ninja: build stopped: subcommand failed.


Performing Test HAVE_O_NONBLOCK failed with the following output:
Change Dir: /Users/mac/CLionProjects/prg_9laba_REST_(curl)/cmake-build-debug/CMakeFiles/CMakeTmp

Run Build Command(s):/Users/mac/Applications/CLion.app/Contents/bin/ninja/mac/ninja -v cmTC_847ed && [1/2] /Applications/Xcode.app/Contents/Developer/Toolchains/XcodeDefault.xctoolchain/usr/bin/cc   -Wextra -Wall -pedantic -Wbad-function-cast -Wconversion -Winline -Wmissing-declarations -Wmissing-prototypes -Wnested-externs -Wno-long-long -Wno-multichar -Wpointer-arith -Wshadow -Wsign-compare -Wundef -Wunused -Wwrite-strings -Waddress -Wattributes -Wcast-align -Wdeclaration-after-statement -Wdiv-by-zero -Wempty-body -Wendif-labels -Wfloat-equal -Wformat-security -Wignored-qualifiers -Wmissing-field-initializers -Wmissing-noreturn -Wno-format-nonliteral -Wno-system-headers -Wold-style-definition -Wredundant-decls -Wsign-conversion -Wno-error=sign-conversion -Wstrict-prototypes -Wtype-limits -Wunreachable-code -Wunused-parameter -Wvla -Wshift-sign-overflow -Wshorten-64-to-32 -Wlanguage-extension-token -Wformat=2 -Wdouble-promotion -Wenum-conversion -Wpragmas -Wunused-const-variable -Wunreachable-code-break -Wheader-guard -Wsometimes-uninitialized -Wcomma -Wmissing-variable-declarations -Wassign-enum -Wextra-semi-stmt -Wimplicit-fallthrough -DHAVE_O_NONBLOCK  -DHAVE_LDAP_H -DHAVE_LBER_H -DHAVE_SYS_FILIO_H -DHAVE_SYS_WAIT_H -DHAVE_SYS_IOCTL_H -DHAVE_SYS_PARAM_H -DHAVE_SYS_POLL_H -DHAVE_SYS_RESOURCE_H -DHAVE_SYS_SELECT_H -DHAVE_SYS_SOCKET_H -DHAVE_SYS_SOCKIO_H -DHAVE_SYS_STAT_H -DHAVE_SYS_TIME_H -DHAVE_SYS_TYPES_H -DHAVE_SYS_UN_H -DHAVE_SYS_XATTR_H -DHAVE_ARPA_INET_H -DHAVE_FCNTL_H -DHAVE_IFADDRS_H -DHAVE_LIBGEN_H -DHAVE_LOCALE_H -DHAVE_NET_IF_H -DHAVE_NETDB_H -DHAVE_NETINET_IN_H -DHAVE_NETINET_TCP_H -DHAVE_NETINET_UDP_H -DHAVE_POLL_H -DHAVE_PWD_H -DHAVE_STDATOMIC_H -DHAVE_STDBOOL_H -DHAVE_STRINGS_H -DHAVE_TERMIOS_H -DHAVE_UNISTD_H -DHAVE_UTIME_H -arch arm64 -isysroot /Applications/Xcode.app/Contents/Developer/Platforms/MacOSX.platform/Developer/SDKs/MacOSX14.2.sdk -mmacosx-version-min=13.5 -MD -MT CMakeFiles/cmTC_847ed.dir/CurlTests.c.o -MF CMakeFiles/cmTC_847ed.dir/CurlTests.c.o.d -o CMakeFiles/cmTC_847ed.dir/CurlTests.c.o -c '/Users/mac/CLionProjects/prg_9laba_REST_(curl)/cmake-build-debug/_deps/curl-src/CMake/CurlTests.c'
/Users/mac/CLionProjects/prg_9laba_REST_(curl)/cmake-build-debug/_deps/curl-src/CMake/CurlTests.c:430:7: warning: ISO C requires a translation unit to contain at least one declaration [-Wempty-translation-unit]
#endif
      ^
1 warning generated.
[2/2] : && /Applications/Xcode.app/Contents/Developer/Toolchains/XcodeDefault.xctoolchain/usr/bin/cc -Wextra -Wall -pedantic -Wbad-function-cast -Wconversion -Winline -Wmissing-declarations -Wmissing-prototypes -Wnested-externs -Wno-long-long -Wno-multichar -Wpointer-arith -Wshadow -Wsign-compare -Wundef -Wunused -Wwrite-strings -Waddress -Wattributes -Wcast-align -Wdeclaration-after-statement -Wdiv-by-zero -Wempty-body -Wendif-labels -Wfloat-equal -Wformat-security -Wignored-qualifiers -Wmissing-field-initializers -Wmissing-noreturn -Wno-format-nonliteral -Wno-system-headers -Wold-style-definition -Wredundant-decls -Wsign-conversion -Wno-error=sign-conversion -Wstrict-prototypes -Wtype-limits -Wunreachable-code -Wunused-parameter -Wvla -Wshift-sign-overflow -Wshorten-64-to-32 -Wlanguage-extension-token -Wformat=2 -Wdouble-promotion -Wenum-conversion -Wpragmas -Wunused-const-variable -Wunreachable-code-break -Wheader-guard -Wsometimes-uninitialized -Wcomma -Wmissing-variable-declarations -Wassign-enum -Wextra-semi-stmt -Wimplicit-fallthrough -DHAVE_O_NONBLOCK  -DHAVE_LDAP_H -DHAVE_LBER_H -DHAVE_SYS_FILIO_H -DHAVE_SYS_WAIT_H -DHAVE_SYS_IOCTL_H -DHAVE_SYS_PARAM_H -DHAVE_SYS_POLL_H -DHAVE_SYS_RESOURCE_H -DHAVE_SYS_SELECT_H -DHAVE_SYS_SOCKET_H -DHAVE_SYS_SOCKIO_H -DHAVE_SYS_STAT_H -DHAVE_SYS_TIME_H -DHAVE_SYS_TYPES_H -DHAVE_SYS_UN_H -DHAVE_SYS_XATTR_H -DHAVE_ARPA_INET_H -DHAVE_FCNTL_H -DHAVE_IFADDRS_H -DHAVE_LIBGEN_H -DHAVE_LOCALE_H -DHAVE_NET_IF_H -DHAVE_NETDB_H -DHAVE_NETINET_IN_H -DHAVE_NETINET_TCP_H -DHAVE_NETINET_UDP_H -DHAVE_POLL_H -DHAVE_PWD_H -DHAVE_STDATOMIC_H -DHAVE_STDBOOL_H -DHAVE_STRINGS_H -DHAVE_TERMIOS_H -DHAVE_UNISTD_H -DHAVE_UTIME_H -arch arm64 -isysroot /Applications/Xcode.app/Contents/Developer/Platforms/MacOSX.platform/Developer/SDKs/MacOSX14.2.sdk -mmacosx-version-min=13.5 -Wl,-search_paths_first -Wl,-headerpad_max_install_names  CMakeFiles/cmTC_847ed.dir/CurlTests.c.o -o cmTC_847ed   && :
[31mFAILED: [0mcmTC_847ed 
: && /Applications/Xcode.app/Contents/Developer/Toolchains/XcodeDefault.xctoolchain/usr/bin/cc -Wextra -Wall -pedantic -Wbad-function-cast -Wconversion -Winline -Wmissing-declarations -Wmissing-prototypes -Wnested-externs -Wno-long-long -Wno-multichar -Wpointer-arith -Wshadow -Wsign-compare -Wundef -Wunused -Wwrite-strings -Waddress -Wattributes -Wcast-align -Wdeclaration-after-statement -Wdiv-by-zero -Wempty-body -Wendif-labels -Wfloat-equal -Wformat-security -Wignored-qualifiers -Wmissing-field-initializers -Wmissing-noreturn -Wno-format-nonliteral -Wno-system-headers -Wold-style-definition -Wredundant-decls -Wsign-conversion -Wno-error=sign-conversion -Wstrict-prototypes -Wtype-limits -Wunreachable-code -Wunused-parameter -Wvla -Wshift-sign-overflow -Wshorten-64-to-32 -Wlanguage-extension-token -Wformat=2 -Wdouble-promotion -Wenum-conversion -Wpragmas -Wunused-const-variable -Wunreachable-code-break -Wheader-guard -Wsometimes-uninitialized -Wcomma -Wmissing-variable-declarations -Wassign-enum -Wextra-semi-stmt -Wimplicit-fallthrough -DHAVE_O_NONBLOCK  -DHAVE_LDAP_H -DHAVE_LBER_H -DHAVE_SYS_FILIO_H -DHAVE_SYS_WAIT_H -DHAVE_SYS_IOCTL_H -DHAVE_SYS_PARAM_H -DHAVE_SYS_POLL_H -DHAVE_SYS_RESOURCE_H -DHAVE_SYS_SELECT_H -DHAVE_SYS_SOCKET_H -DHAVE_SYS_SOCKIO_H -DHAVE_SYS_STAT_H -DHAVE_SYS_TIME_H -DHAVE_SYS_TYPES_H -DHAVE_SYS_UN_H -DHAVE_SYS_XATTR_H -DHAVE_ARPA_INET_H -DHAVE_FCNTL_H -DHAVE_IFADDRS_H -DHAVE_LIBGEN_H -DHAVE_LOCALE_H -DHAVE_NET_IF_H -DHAVE_NETDB_H -DHAVE_NETINET_IN_H -DHAVE_NETINET_TCP_H -DHAVE_NETINET_UDP_H -DHAVE_POLL_H -DHAVE_PWD_H -DHAVE_STDATOMIC_H -DHAVE_STDBOOL_H -DHAVE_STRINGS_H -DHAVE_TERMIOS_H -DHAVE_UNISTD_H -DHAVE_UTIME_H -arch arm64 -isysroot /Applications/Xcode.app/Contents/Developer/Platforms/MacOSX.platform/Developer/SDKs/MacOSX14.2.sdk -mmacosx-version-min=13.5 -Wl,-search_paths_first -Wl,-headerpad_max_install_names  CMakeFiles/cmTC_847ed.dir/CurlTests.c.o -o cmTC_847ed   && :
ld: Undefined symbols:
  _main, referenced from:
      <initial-undefines>
clang: error: linker command failed with exit code 1 (use -v to see invocation)
ninja: build stopped: subcommand failed.


Performing Test HAVE_GETHOSTBYNAME_R_3 failed with the following output:
Change Dir: /Users/mac/CLionProjects/prg_9laba_REST_(curl)/cmake-build-debug/CMakeFiles/CMakeTmp

Run Build Command(s):/Users/mac/Applications/CLion.app/Contents/bin/ninja/mac/ninja -v cmTC_dd2e3 && [1/2] /Applications/Xcode.app/Contents/Developer/Toolchains/XcodeDefault.xctoolchain/usr/bin/cc   -Wextra -Wall -pedantic -Wbad-function-cast -Wconversion -Winline -Wmissing-declarations -Wmissing-prototypes -Wnested-externs -Wno-long-long -Wno-multichar -Wpointer-arith -Wshadow -Wsign-compare -Wundef -Wunused -Wwrite-strings -Waddress -Wattributes -Wcast-align -Wdeclaration-after-statement -Wdiv-by-zero -Wempty-body -Wendif-labels -Wfloat-equal -Wformat-security -Wignored-qualifiers -Wmissing-field-initializers -Wmissing-noreturn -Wno-format-nonliteral -Wno-system-headers -Wold-style-definition -Wredundant-decls -Wsign-conversion -Wno-error=sign-conversion -Wstrict-prototypes -Wtype-limits -Wunreachable-code -Wunused-parameter -Wvla -Wshift-sign-overflow -Wshorten-64-to-32 -Wlanguage-extension-token -Wformat=2 -Wdouble-promotion -Wenum-conversion -Wpragmas -Wunused-const-variable -Wunreachable-code-break -Wheader-guard -Wsometimes-uninitialized -Wcomma -Wmissing-variable-declarations -Wassign-enum -Wextra-semi-stmt -Wimplicit-fallthrough -DHAVE_GETHOSTBYNAME_R_3  -DHAVE_LDAP_H -DHAVE_LBER_H -DHAVE_SYS_FILIO_H -DHAVE_SYS_WAIT_H -DHAVE_SYS_IOCTL_H -DHAVE_SYS_PARAM_H -DHAVE_SYS_POLL_H -DHAVE_SYS_RESOURCE_H -DHAVE_SYS_SELECT_H -DHAVE_SYS_SOCKET_H -DHAVE_SYS_SOCKIO_H -DHAVE_SYS_STAT_H -DHAVE_SYS_TIME_H -DHAVE_SYS_TYPES_H -DHAVE_SYS_UN_H -DHAVE_SYS_XATTR_H -DHAVE_ARPA_INET_H -DHAVE_FCNTL_H -DHAVE_IFADDRS_H -DHAVE_LIBGEN_H -DHAVE_LOCALE_H -DHAVE_NET_IF_H -DHAVE_NETDB_H -DHAVE_NETINET_IN_H -DHAVE_NETINET_TCP_H -DHAVE_NETINET_UDP_H -DHAVE_POLL_H -DHAVE_PWD_H -DHAVE_STDATOMIC_H -DHAVE_STDBOOL_H -DHAVE_STRINGS_H -DHAVE_TERMIOS_H -DHAVE_UNISTD_H -DHAVE_UTIME_H -arch arm64 -isysroot /Applications/Xcode.app/Contents/Developer/Platforms/MacOSX.platform/Developer/SDKs/MacOSX14.2.sdk -mmacosx-version-min=13.5 -MD -MT CMakeFiles/cmTC_dd2e3.dir/CurlTests.c.o -MF CMakeFiles/cmTC_dd2e3.dir/CurlTests.c.o.d -o CMakeFiles/cmTC_dd2e3.dir/CurlTests.c.o -c '/Users/mac/CLionProjects/prg_9laba_REST_(curl)/cmake-build-debug/_deps/curl-src/CMake/CurlTests.c'
[31mFAILED: [0mCMakeFiles/cmTC_dd2e3.dir/CurlTests.c.o 
/Applications/Xcode.app/Contents/Developer/Toolchains/XcodeDefault.xctoolchain/usr/bin/cc   -Wextra -Wall -pedantic -Wbad-function-cast -Wconversion -Winline -Wmissing-declarations -Wmissing-prototypes -Wnested-externs -Wno-long-long -Wno-multichar -Wpointer-arith -Wshadow -Wsign-compare -Wundef -Wunused -Wwrite-strings -Waddress -Wattributes -Wcast-align -Wdeclaration-after-statement -Wdiv-by-zero -Wempty-body -Wendif-labels -Wfloat-equal -Wformat-security -Wignored-qualifiers -Wmissing-field-initializers -Wmissing-noreturn -Wno-format-nonliteral -Wno-system-headers -Wold-style-definition -Wredundant-decls -Wsign-conversion -Wno-error=sign-conversion -Wstrict-prototypes -Wtype-limits -Wunreachable-code -Wunused-parameter -Wvla -Wshift-sign-overflow -Wshorten-64-to-32 -Wlanguage-extension-token -Wformat=2 -Wdouble-promotion -Wenum-conversion -Wpragmas -Wunused-const-variable -Wunreachable-code-break -Wheader-guard -Wsometimes-uninitialized -Wcomma -Wmissing-variable-declarations -Wassign-enum -Wextra-semi-stmt -Wimplicit-fallthrough -DHAVE_GETHOSTBYNAME_R_3  -DHAVE_LDAP_H -DHAVE_LBER_H -DHAVE_SYS_FILIO_H -DHAVE_SYS_WAIT_H -DHAVE_SYS_IOCTL_H -DHAVE_SYS_PARAM_H -DHAVE_SYS_POLL_H -DHAVE_SYS_RESOURCE_H -DHAVE_SYS_SELECT_H -DHAVE_SYS_SOCKET_H -DHAVE_SYS_SOCKIO_H -DHAVE_SYS_STAT_H -DHAVE_SYS_TIME_H -DHAVE_SYS_TYPES_H -DHAVE_SYS_UN_H -DHAVE_SYS_XATTR_H -DHAVE_ARPA_INET_H -DHAVE_FCNTL_H -DHAVE_IFADDRS_H -DHAVE_LIBGEN_H -DHAVE_LOCALE_H -DHAVE_NET_IF_H -DHAVE_NETDB_H -DHAVE_NETINET_IN_H -DHAVE_NETINET_TCP_H -DHAVE_NETINET_UDP_H -DHAVE_POLL_H -DHAVE_PWD_H -DHAVE_STDATOMIC_H -DHAVE_STDBOOL_H -DHAVE_STRINGS_H -DHAVE_TERMIOS_H -DHAVE_UNISTD_H -DHAVE_UTIME_H -arch arm64 -isysroot /Applications/Xcode.app/Contents/Developer/Platforms/MacOSX.platform/Developer/SDKs/MacOSX14.2.sdk -mmacosx-version-min=13.5 -MD -MT CMakeFiles/cmTC_dd2e3.dir/CurlTests.c.o -MF CMakeFiles/cmTC_dd2e3.dir/CurlTests.c.o.d -o CMakeFiles/cmTC_dd2e3.dir/CurlTests.c.o -c '/Users/mac/CLionProjects/prg_9laba_REST_(curl)/cmake-build-debug/_deps/curl-src/CMake/CurlTests.c'
/Users/mac/CLionProjects/prg_9laba_REST_(curl)/cmake-build-debug/_deps/curl-src/CMake/CurlTests.c:73:9: warning: initializing 'char *' with an expression of type 'const char[12]' discards qualifiers [-Wincompatible-pointer-types-discards-qualifiers]
  char *address = "example.com";
        ^         ~~~~~~~~~~~~~
/Users/mac/CLionProjects/prg_9laba_REST_(curl)/cmake-build-debug/_deps/curl-src/CMake/CurlTests.c:80:23: error: variable has incomplete type 'struct hostent_data'
  struct hostent_data hdata;
                      ^
/Users/mac/CLionProjects/prg_9laba_REST_(curl)/cmake-build-debug/_deps/curl-src/CMake/CurlTests.c:80:10: note: forward declaration of 'struct hostent_data'
  struct hostent_data hdata;
         ^
/Users/mac/CLionProjects/prg_9laba_REST_(curl)/cmake-build-debug/_deps/curl-src/CMake/CurlTests.c:92:8: error: call to undeclared function 'gethostbyname_r'; ISO C99 and later do not support implicit function declarations [-Wimplicit-function-declaration]
  rc = gethostbyname_r(address, &h, &hdata);
       ^
1 warning and 2 errors generated.
ninja: build stopped: subcommand failed.


Performing Test HAVE_GETHOSTBYNAME_R_5 failed with the following output:
Change Dir: /Users/mac/CLionProjects/prg_9laba_REST_(curl)/cmake-build-debug/CMakeFiles/CMakeTmp

Run Build Command(s):/Users/mac/Applications/CLion.app/Contents/bin/ninja/mac/ninja -v cmTC_61d74 && [1/2] /Applications/Xcode.app/Contents/Developer/Toolchains/XcodeDefault.xctoolchain/usr/bin/cc   -Wextra -Wall -pedantic -Wbad-function-cast -Wconversion -Winline -Wmissing-declarations -Wmissing-prototypes -Wnested-externs -Wno-long-long -Wno-multichar -Wpointer-arith -Wshadow -Wsign-compare -Wundef -Wunused -Wwrite-strings -Waddress -Wattributes -Wcast-align -Wdeclaration-after-statement -Wdiv-by-zero -Wempty-body -Wendif-labels -Wfloat-equal -Wformat-security -Wignored-qualifiers -Wmissing-field-initializers -Wmissing-noreturn -Wno-format-nonliteral -Wno-system-headers -Wold-style-definition -Wredundant-decls -Wsign-conversion -Wno-error=sign-conversion -Wstrict-prototypes -Wtype-limits -Wunreachable-code -Wunused-parameter -Wvla -Wshift-sign-overflow -Wshorten-64-to-32 -Wlanguage-extension-token -Wformat=2 -Wdouble-promotion -Wenum-conversion -Wpragmas -Wunused-const-variable -Wunreachable-code-break -Wheader-guard -Wsometimes-uninitialized -Wcomma -Wmissing-variable-declarations -Wassign-enum -Wextra-semi-stmt -Wimplicit-fallthrough -DHAVE_GETHOSTBYNAME_R_5  -DHAVE_LDAP_H -DHAVE_LBER_H -DHAVE_SYS_FILIO_H -DHAVE_SYS_WAIT_H -DHAVE_SYS_IOCTL_H -DHAVE_SYS_PARAM_H -DHAVE_SYS_POLL_H -DHAVE_SYS_RESOURCE_H -DHAVE_SYS_SELECT_H -DHAVE_SYS_SOCKET_H -DHAVE_SYS_SOCKIO_H -DHAVE_SYS_STAT_H -DHAVE_SYS_TIME_H -DHAVE_SYS_TYPES_H -DHAVE_SYS_UN_H -DHAVE_SYS_XATTR_H -DHAVE_ARPA_INET_H -DHAVE_FCNTL_H -DHAVE_IFADDRS_H -DHAVE_LIBGEN_H -DHAVE_LOCALE_H -DHAVE_NET_IF_H -DHAVE_NETDB_H -DHAVE_NETINET_IN_H -DHAVE_NETINET_TCP_H -DHAVE_NETINET_UDP_H -DHAVE_POLL_H -DHAVE_PWD_H -DHAVE_STDATOMIC_H -DHAVE_STDBOOL_H -DHAVE_STRINGS_H -DHAVE_TERMIOS_H -DHAVE_UNISTD_H -DHAVE_UTIME_H -arch arm64 -isysroot /Applications/Xcode.app/Contents/Developer/Platforms/MacOSX.platform/Developer/SDKs/MacOSX14.2.sdk -mmacosx-version-min=13.5 -MD -MT CMakeFiles/cmTC_61d74.dir/CurlTests.c.o -MF CMakeFiles/cmTC_61d74.dir/CurlTests.c.o.d -o CMakeFiles/cmTC_61d74.dir/CurlTests.c.o -c '/Users/mac/CLionProjects/prg_9laba_REST_(curl)/cmake-build-debug/_deps/curl-src/CMake/CurlTests.c'
[31mFAILED: [0mCMakeFiles/cmTC_61d74.dir/CurlTests.c.o 
/Applications/Xcode.app/Contents/Developer/Toolchains/XcodeDefault.xctoolchain/usr/bin/cc   -Wextra -Wall -pedantic -Wbad-function-cast -Wconversion -Winline -Wmissing-declarations -Wmissing-prototypes -Wnested-externs -Wno-long-long -Wno-multichar -Wpointer-arith -Wshadow -Wsign-compare -Wundef -Wunused -Wwrite-strings -Waddress -Wattributes -Wcast-align -Wdeclaration-after-statement -Wdiv-by-zero -Wempty-body -Wendif-labels -Wfloat-equal -Wformat-security -Wignored-qualifiers -Wmissing-field-initializers -Wmissing-noreturn -Wno-format-nonliteral -Wno-system-headers -Wold-style-definition -Wredundant-decls -Wsign-conversion -Wno-error=sign-conversion -Wstrict-prototypes -Wtype-limits -Wunreachable-code -Wunused-parameter -Wvla -Wshift-sign-overflow -Wshorten-64-to-32 -Wlanguage-extension-token -Wformat=2 -Wdouble-promotion -Wenum-conversion -Wpragmas -Wunused-const-variable -Wunreachable-code-break -Wheader-guard -Wsometimes-uninitialized -Wcomma -Wmissing-variable-declarations -Wassign-enum -Wextra-semi-stmt -Wimplicit-fallthrough -DHAVE_GETHOSTBYNAME_R_5  -DHAVE_LDAP_H -DHAVE_LBER_H -DHAVE_SYS_FILIO_H -DHAVE_SYS_WAIT_H -DHAVE_SYS_IOCTL_H -DHAVE_SYS_PARAM_H -DHAVE_SYS_POLL_H -DHAVE_SYS_RESOURCE_H -DHAVE_SYS_SELECT_H -DHAVE_SYS_SOCKET_H -DHAVE_SYS_SOCKIO_H -DHAVE_SYS_STAT_H -DHAVE_SYS_TIME_H -DHAVE_SYS_TYPES_H -DHAVE_SYS_UN_H -DHAVE_SYS_XATTR_H -DHAVE_ARPA_INET_H -DHAVE_FCNTL_H -DHAVE_IFADDRS_H -DHAVE_LIBGEN_H -DHAVE_LOCALE_H -DHAVE_NET_IF_H -DHAVE_NETDB_H -DHAVE_NETINET_IN_H -DHAVE_NETINET_TCP_H -DHAVE_NETINET_UDP_H -DHAVE_POLL_H -DHAVE_PWD_H -DHAVE_STDATOMIC_H -DHAVE_STDBOOL_H -DHAVE_STRINGS_H -DHAVE_TERMIOS_H -DHAVE_UNISTD_H -DHAVE_UTIME_H -arch arm64 -isysroot /Applications/Xcode.app/Contents/Developer/Platforms/MacOSX.platform/Developer/SDKs/MacOSX14.2.sdk -mmacosx-version-min=13.5 -MD -MT CMakeFiles/cmTC_61d74.dir/CurlTests.c.o -MF CMakeFiles/cmTC_61d74.dir/CurlTests.c.o.d -o CMakeFiles/cmTC_61d74.dir/CurlTests.c.o -c '/Users/mac/CLionProjects/prg_9laba_REST_(curl)/cmake-build-debug/_deps/curl-src/CMake/CurlTests.c'
/Users/mac/CLionProjects/prg_9laba_REST_(curl)/cmake-build-debug/_deps/curl-src/CMake/CurlTests.c:73:9: warning: initializing 'char *' with an expression of type 'const char[12]' discards qualifiers [-Wincompatible-pointer-types-discards-qualifiers]
  char *address = "example.com";
        ^         ~~~~~~~~~~~~~
/Users/mac/CLionProjects/prg_9laba_REST_(curl)/cmake-build-debug/_deps/curl-src/CMake/CurlTests.c:95:8: error: call to undeclared function 'gethostbyname_r'; ISO C99 and later do not support implicit function declarations [-Wimplicit-function-declaration]
  rc = gethostbyname_r(address, &h, buffer, 8192, &h_errnop);
       ^
1 warning and 1 error generated.
ninja: build stopped: subcommand failed.


Performing Test HAVE_GETHOSTBYNAME_R_6 failed with the following output:
Change Dir: /Users/mac/CLionProjects/prg_9laba_REST_(curl)/cmake-build-debug/CMakeFiles/CMakeTmp

Run Build Command(s):/Users/mac/Applications/CLion.app/Contents/bin/ninja/mac/ninja -v cmTC_f0930 && [1/2] /Applications/Xcode.app/Contents/Developer/Toolchains/XcodeDefault.xctoolchain/usr/bin/cc   -Wextra -Wall -pedantic -Wbad-function-cast -Wconversion -Winline -Wmissing-declarations -Wmissing-prototypes -Wnested-externs -Wno-long-long -Wno-multichar -Wpointer-arith -Wshadow -Wsign-compare -Wundef -Wunused -Wwrite-strings -Waddress -Wattributes -Wcast-align -Wdeclaration-after-statement -Wdiv-by-zero -Wempty-body -Wendif-labels -Wfloat-equal -Wformat-security -Wignored-qualifiers -Wmissing-field-initializers -Wmissing-noreturn -Wno-format-nonliteral -Wno-system-headers -Wold-style-definition -Wredundant-decls -Wsign-conversion -Wno-error=sign-conversion -Wstrict-prototypes -Wtype-limits -Wunreachable-code -Wunused-parameter -Wvla -Wshift-sign-overflow -Wshorten-64-to-32 -Wlanguage-extension-token -Wformat=2 -Wdouble-promotion -Wenum-conversion -Wpragmas -Wunused-const-variable -Wunreachable-code-break -Wheader-guard -Wsometimes-uninitialized -Wcomma -Wmissing-variable-declarations -Wassign-enum -Wextra-semi-stmt -Wimplicit-fallthrough -DHAVE_GETHOSTBYNAME_R_6  -DHAVE_LDAP_H -DHAVE_LBER_H -DHAVE_SYS_FILIO_H -DHAVE_SYS_WAIT_H -DHAVE_SYS_IOCTL_H -DHAVE_SYS_PARAM_H -DHAVE_SYS_POLL_H -DHAVE_SYS_RESOURCE_H -DHAVE_SYS_SELECT_H -DHAVE_SYS_SOCKET_H -DHAVE_SYS_SOCKIO_H -DHAVE_SYS_STAT_H -DHAVE_SYS_TIME_H -DHAVE_SYS_TYPES_H -DHAVE_SYS_UN_H -DHAVE_SYS_XATTR_H -DHAVE_ARPA_INET_H -DHAVE_FCNTL_H -DHAVE_IFADDRS_H -DHAVE_LIBGEN_H -DHAVE_LOCALE_H -DHAVE_NET_IF_H -DHAVE_NETDB_H -DHAVE_NETINET_IN_H -DHAVE_NETINET_TCP_H -DHAVE_NETINET_UDP_H -DHAVE_POLL_H -DHAVE_PWD_H -DHAVE_STDATOMIC_H -DHAVE_STDBOOL_H -DHAVE_STRINGS_H -DHAVE_TERMIOS_H -DHAVE_UNISTD_H -DHAVE_UTIME_H -arch arm64 -isysroot /Applications/Xcode.app/Contents/Developer/Platforms/MacOSX.platform/Developer/SDKs/MacOSX14.2.sdk -mmacosx-version-min=13.5 -MD -MT CMakeFiles/cmTC_f0930.dir/CurlTests.c.o -MF CMakeFiles/cmTC_f0930.dir/CurlTests.c.o.d -o CMakeFiles/cmTC_f0930.dir/CurlTests.c.o -c '/Users/mac/CLionProjects/prg_9laba_REST_(curl)/cmake-build-debug/_deps/curl-src/CMake/CurlTests.c'
[31mFAILED: [0mCMakeFiles/cmTC_f0930.dir/CurlTests.c.o 
/Applications/Xcode.app/Contents/Developer/Toolchains/XcodeDefault.xctoolchain/usr/bin/cc   -Wextra -Wall -pedantic -Wbad-function-cast -Wconversion -Winline -Wmissing-declarations -Wmissing-prototypes -Wnested-externs -Wno-long-long -Wno-multichar -Wpointer-arith -Wshadow -Wsign-compare -Wundef -Wunused -Wwrite-strings -Waddress -Wattributes -Wcast-align -Wdeclaration-after-statement -Wdiv-by-zero -Wempty-body -Wendif-labels -Wfloat-equal -Wformat-security -Wignored-qualifiers -Wmissing-field-initializers -Wmissing-noreturn -Wno-format-nonliteral -Wno-system-headers -Wold-style-definition -Wredundant-decls -Wsign-conversion -Wno-error=sign-conversion -Wstrict-prototypes -Wtype-limits -Wunreachable-code -Wunused-parameter -Wvla -Wshift-sign-overflow -Wshorten-64-to-32 -Wlanguage-extension-token -Wformat=2 -Wdouble-promotion -Wenum-conversion -Wpragmas -Wunused-const-variable -Wunreachable-code-break -Wheader-guard -Wsometimes-uninitialized -Wcomma -Wmissing-variable-declarations -Wassign-enum -Wextra-semi-stmt -Wimplicit-fallthrough -DHAVE_GETHOSTBYNAME_R_6  -DHAVE_LDAP_H -DHAVE_LBER_H -DHAVE_SYS_FILIO_H -DHAVE_SYS_WAIT_H -DHAVE_SYS_IOCTL_H -DHAVE_SYS_PARAM_H -DHAVE_SYS_POLL_H -DHAVE_SYS_RESOURCE_H -DHAVE_SYS_SELECT_H -DHAVE_SYS_SOCKET_H -DHAVE_SYS_SOCKIO_H -DHAVE_SYS_STAT_H -DHAVE_SYS_TIME_H -DHAVE_SYS_TYPES_H -DHAVE_SYS_UN_H -DHAVE_SYS_XATTR_H -DHAVE_ARPA_INET_H -DHAVE_FCNTL_H -DHAVE_IFADDRS_H -DHAVE_LIBGEN_H -DHAVE_LOCALE_H -DHAVE_NET_IF_H -DHAVE_NETDB_H -DHAVE_NETINET_IN_H -DHAVE_NETINET_TCP_H -DHAVE_NETINET_UDP_H -DHAVE_POLL_H -DHAVE_PWD_H -DHAVE_STDATOMIC_H -DHAVE_STDBOOL_H -DHAVE_STRINGS_H -DHAVE_TERMIOS_H -DHAVE_UNISTD_H -DHAVE_UTIME_H -arch arm64 -isysroot /Applications/Xcode.app/Contents/Developer/Platforms/MacOSX.platform/Developer/SDKs/MacOSX14.2.sdk -mmacosx-version-min=13.5 -MD -MT CMakeFiles/cmTC_f0930.dir/CurlTests.c.o -MF CMakeFiles/cmTC_f0930.dir/CurlTests.c.o.d -o CMakeFiles/cmTC_f0930.dir/CurlTests.c.o -c '/Users/mac/CLionProjects/prg_9laba_REST_(curl)/cmake-build-debug/_deps/curl-src/CMake/CurlTests.c'
/Users/mac/CLionProjects/prg_9laba_REST_(curl)/cmake-build-debug/_deps/curl-src/CMake/CurlTests.c:73:9: warning: initializing 'char *' with an expression of type 'const char[12]' discards qualifiers [-Wincompatible-pointer-types-discards-qualifiers]
  char *address = "example.com";
        ^         ~~~~~~~~~~~~~
/Users/mac/CLionProjects/prg_9laba_REST_(curl)/cmake-build-debug/_deps/curl-src/CMake/CurlTests.c:99:8: error: call to undeclared function 'gethostbyname_r'; ISO C99 and later do not support implicit function declarations [-Wimplicit-function-declaration]
  rc = gethostbyname_r(address, &h, buffer, 8192, &hp, &h_errnop);
       ^
1 warning and 1 error generated.
ninja: build stopped: subcommand failed.


Performing Test HAVE_GETHOSTBYNAME_R_3_REENTRANT failed with the following output:
Change Dir: /Users/mac/CLionProjects/prg_9laba_REST_(curl)/cmake-build-debug/CMakeFiles/CMakeTmp

Run Build Command(s):/Users/mac/Applications/CLion.app/Contents/bin/ninja/mac/ninja -v cmTC_7ba2f && [1/2] /Applications/Xcode.app/Contents/Developer/Toolchains/XcodeDefault.xctoolchain/usr/bin/cc   -Wextra -Wall -pedantic -Wbad-function-cast -Wconversion -Winline -Wmissing-declarations -Wmissing-prototypes -Wnested-externs -Wno-long-long -Wno-multichar -Wpointer-arith -Wshadow -Wsign-compare -Wundef -Wunused -Wwrite-strings -Waddress -Wattributes -Wcast-align -Wdeclaration-after-statement -Wdiv-by-zero -Wempty-body -Wendif-labels -Wfloat-equal -Wformat-security -Wignored-qualifiers -Wmissing-field-initializers -Wmissing-noreturn -Wno-format-nonliteral -Wno-system-headers -Wold-style-definition -Wredundant-decls -Wsign-conversion -Wno-error=sign-conversion -Wstrict-prototypes -Wtype-limits -Wunreachable-code -Wunused-parameter -Wvla -Wshift-sign-overflow -Wshorten-64-to-32 -Wlanguage-extension-token -Wformat=2 -Wdouble-promotion -Wenum-conversion -Wpragmas -Wunused-const-variable -Wunreachable-code-break -Wheader-guard -Wsometimes-uninitialized -Wcomma -Wmissing-variable-declarations -Wassign-enum -Wextra-semi-stmt -Wimplicit-fallthrough -DHAVE_GETHOSTBYNAME_R_3_REENTRANT  -DHAVE_LDAP_H -DHAVE_LBER_H -DHAVE_SYS_FILIO_H -DHAVE_SYS_WAIT_H -DHAVE_SYS_IOCTL_H -DHAVE_SYS_PARAM_H -DHAVE_SYS_POLL_H -DHAVE_SYS_RESOURCE_H -DHAVE_SYS_SELECT_H -DHAVE_SYS_SOCKET_H -DHAVE_SYS_SOCKIO_H -DHAVE_SYS_STAT_H -DHAVE_SYS_TIME_H -DHAVE_SYS_TYPES_H -DHAVE_SYS_UN_H -DHAVE_SYS_XATTR_H -DHAVE_ARPA_INET_H -DHAVE_FCNTL_H -DHAVE_IFADDRS_H -DHAVE_LIBGEN_H -DHAVE_LOCALE_H -DHAVE_NET_IF_H -DHAVE_NETDB_H -DHAVE_NETINET_IN_H -DHAVE_NETINET_TCP_H -DHAVE_NETINET_UDP_H -DHAVE_POLL_H -DHAVE_PWD_H -DHAVE_STDATOMIC_H -DHAVE_STDBOOL_H -DHAVE_STRINGS_H -DHAVE_TERMIOS_H -DHAVE_UNISTD_H -DHAVE_UTIME_H -arch arm64 -isysroot /Applications/Xcode.app/Contents/Developer/Platforms/MacOSX.platform/Developer/SDKs/MacOSX14.2.sdk -mmacosx-version-min=13.5 -MD -MT CMakeFiles/cmTC_7ba2f.dir/CurlTests.c.o -MF CMakeFiles/cmTC_7ba2f.dir/CurlTests.c.o.d -o CMakeFiles/cmTC_7ba2f.dir/CurlTests.c.o -c '/Users/mac/CLionProjects/prg_9laba_REST_(curl)/cmake-build-debug/_deps/curl-src/CMake/CurlTests.c'
[31mFAILED: [0mCMakeFiles/cmTC_7ba2f.dir/CurlTests.c.o 
/Applications/Xcode.app/Contents/Developer/Toolchains/XcodeDefault.xctoolchain/usr/bin/cc   -Wextra -Wall -pedantic -Wbad-function-cast -Wconversion -Winline -Wmissing-declarations -Wmissing-prototypes -Wnested-externs -Wno-long-long -Wno-multichar -Wpointer-arith -Wshadow -Wsign-compare -Wundef -Wunused -Wwrite-strings -Waddress -Wattributes -Wcast-align -Wdeclaration-after-statement -Wdiv-by-zero -Wempty-body -Wendif-labels -Wfloat-equal -Wformat-security -Wignored-qualifiers -Wmissing-field-initializers -Wmissing-noreturn -Wno-format-nonliteral -Wno-system-headers -Wold-style-definition -Wredundant-decls -Wsign-conversion -Wno-error=sign-conversion -Wstrict-prototypes -Wtype-limits -Wunreachable-code -Wunused-parameter -Wvla -Wshift-sign-overflow -Wshorten-64-to-32 -Wlanguage-extension-token -Wformat=2 -Wdouble-promotion -Wenum-conversion -Wpragmas -Wunused-const-variable -Wunreachable-code-break -Wheader-guard -Wsometimes-uninitialized -Wcomma -Wmissing-variable-declarations -Wassign-enum -Wextra-semi-stmt -Wimplicit-fallthrough -DHAVE_GETHOSTBYNAME_R_3_REENTRANT  -DHAVE_LDAP_H -DHAVE_LBER_H -DHAVE_SYS_FILIO_H -DHAVE_SYS_WAIT_H -DHAVE_SYS_IOCTL_H -DHAVE_SYS_PARAM_H -DHAVE_SYS_POLL_H -DHAVE_SYS_RESOURCE_H -DHAVE_SYS_SELECT_H -DHAVE_SYS_SOCKET_H -DHAVE_SYS_SOCKIO_H -DHAVE_SYS_STAT_H -DHAVE_SYS_TIME_H -DHAVE_SYS_TYPES_H -DHAVE_SYS_UN_H -DHAVE_SYS_XATTR_H -DHAVE_ARPA_INET_H -DHAVE_FCNTL_H -DHAVE_IFADDRS_H -DHAVE_LIBGEN_H -DHAVE_LOCALE_H -DHAVE_NET_IF_H -DHAVE_NETDB_H -DHAVE_NETINET_IN_H -DHAVE_NETINET_TCP_H -DHAVE_NETINET_UDP_H -DHAVE_POLL_H -DHAVE_PWD_H -DHAVE_STDATOMIC_H -DHAVE_STDBOOL_H -DHAVE_STRINGS_H -DHAVE_TERMIOS_H -DHAVE_UNISTD_H -DHAVE_UTIME_H -arch arm64 -isysroot /Applications/Xcode.app/Contents/Developer/Platforms/MacOSX.platform/Developer/SDKs/MacOSX14.2.sdk -mmacosx-version-min=13.5 -MD -MT CMakeFiles/cmTC_7ba2f.dir/CurlTests.c.o -MF CMakeFiles/cmTC_7ba2f.dir/CurlTests.c.o.d -o CMakeFiles/cmTC_7ba2f.dir/CurlTests.c.o -c '/Users/mac/CLionProjects/prg_9laba_REST_(curl)/cmake-build-debug/_deps/curl-src/CMake/CurlTests.c'
/Users/mac/CLionProjects/prg_9laba_REST_(curl)/cmake-build-debug/_deps/curl-src/CMake/CurlTests.c:73:9: warning: initializing 'char *' with an expression of type 'const char[12]' discards qualifiers [-Wincompatible-pointer-types-discards-qualifiers]
  char *address = "example.com";
        ^         ~~~~~~~~~~~~~
/Users/mac/CLionProjects/prg_9laba_REST_(curl)/cmake-build-debug/_deps/curl-src/CMake/CurlTests.c:80:23: error: variable has incomplete type 'struct hostent_data'
  struct hostent_data hdata;
                      ^
/Users/mac/CLionProjects/prg_9laba_REST_(curl)/cmake-build-debug/_deps/curl-src/CMake/CurlTests.c:80:10: note: forward declaration of 'struct hostent_data'
  struct hostent_data hdata;
         ^
/Users/mac/CLionProjects/prg_9laba_REST_(curl)/cmake-build-debug/_deps/curl-src/CMake/CurlTests.c:92:8: error: call to undeclared function 'gethostbyname_r'; ISO C99 and later do not support implicit function declarations [-Wimplicit-function-declaration]
  rc = gethostbyname_r(address, &h, &hdata);
       ^
1 warning and 2 errors generated.
ninja: build stopped: subcommand failed.


Performing Test HAVE_GETHOSTBYNAME_R_5_REENTRANT failed with the following output:
Change Dir: /Users/mac/CLionProjects/prg_9laba_REST_(curl)/cmake-build-debug/CMakeFiles/CMakeTmp

Run Build Command(s):/Users/mac/Applications/CLion.app/Contents/bin/ninja/mac/ninja -v cmTC_09908 && [1/2] /Applications/Xcode.app/Contents/Developer/Toolchains/XcodeDefault.xctoolchain/usr/bin/cc   -Wextra -Wall -pedantic -Wbad-function-cast -Wconversion -Winline -Wmissing-declarations -Wmissing-prototypes -Wnested-externs -Wno-long-long -Wno-multichar -Wpointer-arith -Wshadow -Wsign-compare -Wundef -Wunused -Wwrite-strings -Waddress -Wattributes -Wcast-align -Wdeclaration-after-statement -Wdiv-by-zero -Wempty-body -Wendif-labels -Wfloat-equal -Wformat-security -Wignored-qualifiers -Wmissing-field-initializers -Wmissing-noreturn -Wno-format-nonliteral -Wno-system-headers -Wold-style-definition -Wredundant-decls -Wsign-conversion -Wno-error=sign-conversion -Wstrict-prototypes -Wtype-limits -Wunreachable-code -Wunused-parameter -Wvla -Wshift-sign-overflow -Wshorten-64-to-32 -Wlanguage-extension-token -Wformat=2 -Wdouble-promotion -Wenum-conversion -Wpragmas -Wunused-const-variable -Wunreachable-code-break -Wheader-guard -Wsometimes-uninitialized -Wcomma -Wmissing-variable-declarations -Wassign-enum -Wextra-semi-stmt -Wimplicit-fallthrough -DHAVE_GETHOSTBYNAME_R_5_REENTRANT  -DHAVE_LDAP_H -DHAVE_LBER_H -DHAVE_SYS_FILIO_H -DHAVE_SYS_WAIT_H -DHAVE_SYS_IOCTL_H -DHAVE_SYS_PARAM_H -DHAVE_SYS_POLL_H -DHAVE_SYS_RESOURCE_H -DHAVE_SYS_SELECT_H -DHAVE_SYS_SOCKET_H -DHAVE_SYS_SOCKIO_H -DHAVE_SYS_STAT_H -DHAVE_SYS_TIME_H -DHAVE_SYS_TYPES_H -DHAVE_SYS_UN_H -DHAVE_SYS_XATTR_H -DHAVE_ARPA_INET_H -DHAVE_FCNTL_H -DHAVE_IFADDRS_H -DHAVE_LIBGEN_H -DHAVE_LOCALE_H -DHAVE_NET_IF_H -DHAVE_NETDB_H -DHAVE_NETINET_IN_H -DHAVE_NETINET_TCP_H -DHAVE_NETINET_UDP_H -DHAVE_POLL_H -DHAVE_PWD_H -DHAVE_STDATOMIC_H -DHAVE_STDBOOL_H -DHAVE_STRINGS_H -DHAVE_TERMIOS_H -DHAVE_UNISTD_H -DHAVE_UTIME_H -arch arm64 -isysroot /Applications/Xcode.app/Contents/Developer/Platforms/MacOSX.platform/Developer/SDKs/MacOSX14.2.sdk -mmacosx-version-min=13.5 -MD -MT CMakeFiles/cmTC_09908.dir/CurlTests.c.o -MF CMakeFiles/cmTC_09908.dir/CurlTests.c.o.d -o CMakeFiles/cmTC_09908.dir/CurlTests.c.o -c '/Users/mac/CLionProjects/prg_9laba_REST_(curl)/cmake-build-debug/_deps/curl-src/CMake/CurlTests.c'
[31mFAILED: [0mCMakeFiles/cmTC_09908.dir/CurlTests.c.o 
/Applications/Xcode.app/Contents/Developer/Toolchains/XcodeDefault.xctoolchain/usr/bin/cc   -Wextra -Wall -pedantic -Wbad-function-cast -Wconversion -Winline -Wmissing-declarations -Wmissing-prototypes -Wnested-externs -Wno-long-long -Wno-multichar -Wpointer-arith -Wshadow -Wsign-compare -Wundef -Wunused -Wwrite-strings -Waddress -Wattributes -Wcast-align -Wdeclaration-after-statement -Wdiv-by-zero -Wempty-body -Wendif-labels -Wfloat-equal -Wformat-security -Wignored-qualifiers -Wmissing-field-initializers -Wmissing-noreturn -Wno-format-nonliteral -Wno-system-headers -Wold-style-definition -Wredundant-decls -Wsign-conversion -Wno-error=sign-conversion -Wstrict-prototypes -Wtype-limits -Wunreachable-code -Wunused-parameter -Wvla -Wshift-sign-overflow -Wshorten-64-to-32 -Wlanguage-extension-token -Wformat=2 -Wdouble-promotion -Wenum-conversion -Wpragmas -Wunused-const-variable -Wunreachable-code-break -Wheader-guard -Wsometimes-uninitialized -Wcomma -Wmissing-variable-declarations -Wassign-enum -Wextra-semi-stmt -Wimplicit-fallthrough -DHAVE_GETHOSTBYNAME_R_5_REENTRANT  -DHAVE_LDAP_H -DHAVE_LBER_H -DHAVE_SYS_FILIO_H -DHAVE_SYS_WAIT_H -DHAVE_SYS_IOCTL_H -DHAVE_SYS_PARAM_H -DHAVE_SYS_POLL_H -DHAVE_SYS_RESOURCE_H -DHAVE_SYS_SELECT_H -DHAVE_SYS_SOCKET_H -DHAVE_SYS_SOCKIO_H -DHAVE_SYS_STAT_H -DHAVE_SYS_TIME_H -DHAVE_SYS_TYPES_H -DHAVE_SYS_UN_H -DHAVE_SYS_XATTR_H -DHAVE_ARPA_INET_H -DHAVE_FCNTL_H -DHAVE_IFADDRS_H -DHAVE_LIBGEN_H -DHAVE_LOCALE_H -DHAVE_NET_IF_H -DHAVE_NETDB_H -DHAVE_NETINET_IN_H -DHAVE_NETINET_TCP_H -DHAVE_NETINET_UDP_H -DHAVE_POLL_H -DHAVE_PWD_H -DHAVE_STDATOMIC_H -DHAVE_STDBOOL_H -DHAVE_STRINGS_H -DHAVE_TERMIOS_H -DHAVE_UNISTD_H -DHAVE_UTIME_H -arch arm64 -isysroot /Applications/Xcode.app/Contents/Developer/Platforms/MacOSX.platform/Developer/SDKs/MacOSX14.2.sdk -mmacosx-version-min=13.5 -MD -MT CMakeFiles/cmTC_09908.dir/CurlTests.c.o -MF CMakeFiles/cmTC_09908.dir/CurlTests.c.o.d -o CMakeFiles/cmTC_09908.dir/CurlTests.c.o -c '/Users/mac/CLionProjects/prg_9laba_REST_(curl)/cmake-build-debug/_deps/curl-src/CMake/CurlTests.c'
/Users/mac/CLionProjects/prg_9laba_REST_(curl)/cmake-build-debug/_deps/curl-src/CMake/CurlTests.c:73:9: warning: initializing 'char *' with an expression of type 'const char[12]' discards qualifiers [-Wincompatible-pointer-types-discards-qualifiers]
  char *address = "example.com";
        ^         ~~~~~~~~~~~~~
/Users/mac/CLionProjects/prg_9laba_REST_(curl)/cmake-build-debug/_deps/curl-src/CMake/CurlTests.c:95:8: error: call to undeclared function 'gethostbyname_r'; ISO C99 and later do not support implicit function declarations [-Wimplicit-function-declaration]
  rc = gethostbyname_r(address, &h, buffer, 8192, &h_errnop);
       ^
1 warning and 1 error generated.
ninja: build stopped: subcommand failed.


Performing Test HAVE_GETHOSTBYNAME_R_6_REENTRANT failed with the following output:
Change Dir: /Users/mac/CLionProjects/prg_9laba_REST_(curl)/cmake-build-debug/CMakeFiles/CMakeTmp

Run Build Command(s):/Users/mac/Applications/CLion.app/Contents/bin/ninja/mac/ninja -v cmTC_ef7cd && [1/2] /Applications/Xcode.app/Contents/Developer/Toolchains/XcodeDefault.xctoolchain/usr/bin/cc   -Wextra -Wall -pedantic -Wbad-function-cast -Wconversion -Winline -Wmissing-declarations -Wmissing-prototypes -Wnested-externs -Wno-long-long -Wno-multichar -Wpointer-arith -Wshadow -Wsign-compare -Wundef -Wunused -Wwrite-strings -Waddress -Wattributes -Wcast-align -Wdeclaration-after-statement -Wdiv-by-zero -Wempty-body -Wendif-labels -Wfloat-equal -Wformat-security -Wignored-qualifiers -Wmissing-field-initializers -Wmissing-noreturn -Wno-format-nonliteral -Wno-system-headers -Wold-style-definition -Wredundant-decls -Wsign-conversion -Wno-error=sign-conversion -Wstrict-prototypes -Wtype-limits -Wunreachable-code -Wunused-parameter -Wvla -Wshift-sign-overflow -Wshorten-64-to-32 -Wlanguage-extension-token -Wformat=2 -Wdouble-promotion -Wenum-conversion -Wpragmas -Wunused-const-variable -Wunreachable-code-break -Wheader-guard -Wsometimes-uninitialized -Wcomma -Wmissing-variable-declarations -Wassign-enum -Wextra-semi-stmt -Wimplicit-fallthrough -DHAVE_GETHOSTBYNAME_R_6_REENTRANT  -DHAVE_LDAP_H -DHAVE_LBER_H -DHAVE_SYS_FILIO_H -DHAVE_SYS_WAIT_H -DHAVE_SYS_IOCTL_H -DHAVE_SYS_PARAM_H -DHAVE_SYS_POLL_H -DHAVE_SYS_RESOURCE_H -DHAVE_SYS_SELECT_H -DHAVE_SYS_SOCKET_H -DHAVE_SYS_SOCKIO_H -DHAVE_SYS_STAT_H -DHAVE_SYS_TIME_H -DHAVE_SYS_TYPES_H -DHAVE_SYS_UN_H -DHAVE_SYS_XATTR_H -DHAVE_ARPA_INET_H -DHAVE_FCNTL_H -DHAVE_IFADDRS_H -DHAVE_LIBGEN_H -DHAVE_LOCALE_H -DHAVE_NET_IF_H -DHAVE_NETDB_H -DHAVE_NETINET_IN_H -DHAVE_NETINET_TCP_H -DHAVE_NETINET_UDP_H -DHAVE_POLL_H -DHAVE_PWD_H -DHAVE_STDATOMIC_H -DHAVE_STDBOOL_H -DHAVE_STRINGS_H -DHAVE_TERMIOS_H -DHAVE_UNISTD_H -DHAVE_UTIME_H -arch arm64 -isysroot /Applications/Xcode.app/Contents/Developer/Platforms/MacOSX.platform/Developer/SDKs/MacOSX14.2.sdk -mmacosx-version-min=13.5 -MD -MT CMakeFiles/cmTC_ef7cd.dir/CurlTests.c.o -MF CMakeFiles/cmTC_ef7cd.dir/CurlTests.c.o.d -o CMakeFiles/cmTC_ef7cd.dir/CurlTests.c.o -c '/Users/mac/CLionProjects/prg_9laba_REST_(curl)/cmake-build-debug/_deps/curl-src/CMake/CurlTests.c'
[31mFAILED: [0mCMakeFiles/cmTC_ef7cd.dir/CurlTests.c.o 
/Applications/Xcode.app/Contents/Developer/Toolchains/XcodeDefault.xctoolchain/usr/bin/cc   -Wextra -Wall -pedantic -Wbad-function-cast -Wconversion -Winline -Wmissing-declarations -Wmissing-prototypes -Wnested-externs -Wno-long-long -Wno-multichar -Wpointer-arith -Wshadow -Wsign-compare -Wundef -Wunused -Wwrite-strings -Waddress -Wattributes -Wcast-align -Wdeclaration-after-statement -Wdiv-by-zero -Wempty-body -Wendif-labels -Wfloat-equal -Wformat-security -Wignored-qualifiers -Wmissing-field-initializers -Wmissing-noreturn -Wno-format-nonliteral -Wno-system-headers -Wold-style-definition -Wredundant-decls -Wsign-conversion -Wno-error=sign-conversion -Wstrict-prototypes -Wtype-limits -Wunreachable-code -Wunused-parameter -Wvla -Wshift-sign-overflow -Wshorten-64-to-32 -Wlanguage-extension-token -Wformat=2 -Wdouble-promotion -Wenum-conversion -Wpragmas -Wunused-const-variable -Wunreachable-code-break -Wheader-guard -Wsometimes-uninitialized -Wcomma -Wmissing-variable-declarations -Wassign-enum -Wextra-semi-stmt -Wimplicit-fallthrough -DHAVE_GETHOSTBYNAME_R_6_REENTRANT  -DHAVE_LDAP_H -DHAVE_LBER_H -DHAVE_SYS_FILIO_H -DHAVE_SYS_WAIT_H -DHAVE_SYS_IOCTL_H -DHAVE_SYS_PARAM_H -DHAVE_SYS_POLL_H -DHAVE_SYS_RESOURCE_H -DHAVE_SYS_SELECT_H -DHAVE_SYS_SOCKET_H -DHAVE_SYS_SOCKIO_H -DHAVE_SYS_STAT_H -DHAVE_SYS_TIME_H -DHAVE_SYS_TYPES_H -DHAVE_SYS_UN_H -DHAVE_SYS_XATTR_H -DHAVE_ARPA_INET_H -DHAVE_FCNTL_H -DHAVE_IFADDRS_H -DHAVE_LIBGEN_H -DHAVE_LOCALE_H -DHAVE_NET_IF_H -DHAVE_NETDB_H -DHAVE_NETINET_IN_H -DHAVE_NETINET_TCP_H -DHAVE_NETINET_UDP_H -DHAVE_POLL_H -DHAVE_PWD_H -DHAVE_STDATOMIC_H -DHAVE_STDBOOL_H -DHAVE_STRINGS_H -DHAVE_TERMIOS_H -DHAVE_UNISTD_H -DHAVE_UTIME_H -arch arm64 -isysroot /Applications/Xcode.app/Contents/Developer/Platforms/MacOSX.platform/Developer/SDKs/MacOSX14.2.sdk -mmacosx-version-min=13.5 -MD -MT CMakeFiles/cmTC_ef7cd.dir/CurlTests.c.o -MF CMakeFiles/cmTC_ef7cd.dir/CurlTests.c.o.d -o CMakeFiles/cmTC_ef7cd.dir/CurlTests.c.o -c '/Users/mac/CLionProjects/prg_9laba_REST_(curl)/cmake-build-debug/_deps/curl-src/CMake/CurlTests.c'
/Users/mac/CLionProjects/prg_9laba_REST_(curl)/cmake-build-debug/_deps/curl-src/CMake/CurlTests.c:73:9: warning: initializing 'char *' with an expression of type 'const char[12]' discards qualifiers [-Wincompatible-pointer-types-discards-qualifiers]
  char *address = "example.com";
        ^         ~~~~~~~~~~~~~
/Users/mac/CLionProjects/prg_9laba_REST_(curl)/cmake-build-debug/_deps/curl-src/CMake/CurlTests.c:99:8: error: call to undeclared function 'gethostbyname_r'; ISO C99 and later do not support implicit function declarations [-Wimplicit-function-declaration]
  rc = gethostbyname_r(address, &h, buffer, 8192, &hp, &h_errnop);
       ^
1 warning and 1 error generated.
ninja: build stopped: subcommand failed.


Performing Test HAVE_GLIBC_STRERROR_R failed with the following output:
Change Dir: /Users/mac/CLionProjects/prg_9laba_REST_(curl)/cmake-build-debug/CMakeFiles/CMakeTmp

Run Build Command(s):/Users/mac/Applications/CLion.app/Contents/bin/ninja/mac/ninja -v cmTC_dea9f && [1/2] /Applications/Xcode.app/Contents/Developer/Toolchains/XcodeDefault.xctoolchain/usr/bin/cc   -Wextra -Wall -pedantic -Wbad-function-cast -Wconversion -Winline -Wmissing-declarations -Wmissing-prototypes -Wnested-externs -Wno-long-long -Wno-multichar -Wpointer-arith -Wshadow -Wsign-compare -Wundef -Wunused -Wwrite-strings -Waddress -Wattributes -Wcast-align -Wdeclaration-after-statement -Wdiv-by-zero -Wempty-body -Wendif-labels -Wfloat-equal -Wformat-security -Wignored-qualifiers -Wmissing-field-initializers -Wmissing-noreturn -Wno-format-nonliteral -Wno-system-headers -Wold-style-definition -Wredundant-decls -Wsign-conversion -Wno-error=sign-conversion -Wstrict-prototypes -Wtype-limits -Wunreachable-code -Wunused-parameter -Wvla -Wshift-sign-overflow -Wshorten-64-to-32 -Wlanguage-extension-token -Wformat=2 -Wdouble-promotion -Wenum-conversion -Wpragmas -Wunused-const-variable -Wunreachable-code-break -Wheader-guard -Wsometimes-uninitialized -Wcomma -Wmissing-variable-declarations -Wassign-enum -Wextra-semi-stmt -Wimplicit-fallthrough -DHAVE_GLIBC_STRERROR_R  -DHAVE_LDAP_H -DHAVE_LBER_H -DHAVE_SYS_FILIO_H -DHAVE_SYS_WAIT_H -DHAVE_SYS_IOCTL_H -DHAVE_SYS_PARAM_H -DHAVE_SYS_POLL_H -DHAVE_SYS_RESOURCE_H -DHAVE_SYS_SELECT_H -DHAVE_SYS_SOCKET_H -DHAVE_SYS_SOCKIO_H -DHAVE_SYS_STAT_H -DHAVE_SYS_TIME_H -DHAVE_SYS_TYPES_H -DHAVE_SYS_UN_H -DHAVE_SYS_XATTR_H -DHAVE_ARPA_INET_H -DHAVE_FCNTL_H -DHAVE_IFADDRS_H -DHAVE_LIBGEN_H -DHAVE_LOCALE_H -DHAVE_NET_IF_H -DHAVE_NETDB_H -DHAVE_NETINET_IN_H -DHAVE_NETINET_TCP_H -DHAVE_NETINET_UDP_H -DHAVE_POLL_H -DHAVE_PWD_H -DHAVE_STDATOMIC_H -DHAVE_STDBOOL_H -DHAVE_STRINGS_H -DHAVE_TERMIOS_H -DHAVE_UNISTD_H -DHAVE_UTIME_H -arch arm64 -isysroot /Applications/Xcode.app/Contents/Developer/Platforms/MacOSX.platform/Developer/SDKs/MacOSX14.2.sdk -mmacosx-version-min=13.5 -MD -MT CMakeFiles/cmTC_dea9f.dir/CurlTests.c.o -MF CMakeFiles/cmTC_dea9f.dir/CurlTests.c.o.d -o CMakeFiles/cmTC_dea9f.dir/CurlTests.c.o -c '/Users/mac/CLionProjects/prg_9laba_REST_(curl)/cmake-build-debug/_deps/curl-src/CMake/CurlTests.c'
[31mFAILED: [0mCMakeFiles/cmTC_dea9f.dir/CurlTests.c.o 
/Applications/Xcode.app/Contents/Developer/Toolchains/XcodeDefault.xctoolchain/usr/bin/cc   -Wextra -Wall -pedantic -Wbad-function-cast -Wconversion -Winline -Wmissing-declarations -Wmissing-prototypes -Wnested-externs -Wno-long-long -Wno-multichar -Wpointer-arith -Wshadow -Wsign-compare -Wundef -Wunused -Wwrite-strings -Waddress -Wattributes -Wcast-align -Wdeclaration-after-statement -Wdiv-by-zero -Wempty-body -Wendif-labels -Wfloat-equal -Wformat-security -Wignored-qualifiers -Wmissing-field-initializers -Wmissing-noreturn -Wno-format-nonliteral -Wno-system-headers -Wold-style-definition -Wredundant-decls -Wsign-conversion -Wno-error=sign-conversion -Wstrict-prototypes -Wtype-limits -Wunreachable-code -Wunused-parameter -Wvla -Wshift-sign-overflow -Wshorten-64-to-32 -Wlanguage-extension-token -Wformat=2 -Wdouble-promotion -Wenum-conversion -Wpragmas -Wunused-const-variable -Wunreachable-code-break -Wheader-guard -Wsometimes-uninitialized -Wcomma -Wmissing-variable-declarations -Wassign-enum -Wextra-semi-stmt -Wimplicit-fallthrough -DHAVE_GLIBC_STRERROR_R  -DHAVE_LDAP_H -DHAVE_LBER_H -DHAVE_SYS_FILIO_H -DHAVE_SYS_WAIT_H -DHAVE_SYS_IOCTL_H -DHAVE_SYS_PARAM_H -DHAVE_SYS_POLL_H -DHAVE_SYS_RESOURCE_H -DHAVE_SYS_SELECT_H -DHAVE_SYS_SOCKET_H -DHAVE_SYS_SOCKIO_H -DHAVE_SYS_STAT_H -DHAVE_SYS_TIME_H -DHAVE_SYS_TYPES_H -DHAVE_SYS_UN_H -DHAVE_SYS_XATTR_H -DHAVE_ARPA_INET_H -DHAVE_FCNTL_H -DHAVE_IFADDRS_H -DHAVE_LIBGEN_H -DHAVE_LOCALE_H -DHAVE_NET_IF_H -DHAVE_NETDB_H -DHAVE_NETINET_IN_H -DHAVE_NETINET_TCP_H -DHAVE_NETINET_UDP_H -DHAVE_POLL_H -DHAVE_PWD_H -DHAVE_STDATOMIC_H -DHAVE_STDBOOL_H -DHAVE_STRINGS_H -DHAVE_TERMIOS_H -DHAVE_UNISTD_H -DHAVE_UTIME_H -arch arm64 -isysroot /Applications/Xcode.app/Contents/Developer/Platforms/MacOSX.platform/Developer/SDKs/MacOSX14.2.sdk -mmacosx-version-min=13.5 -MD -MT CMakeFiles/cmTC_dea9f.dir/CurlTests.c.o -MF CMakeFiles/cmTC_dea9f.dir/CurlTests.c.o.d -o CMakeFiles/cmTC_dea9f.dir/CurlTests.c.o -c '/Users/mac/CLionProjects/prg_9laba_REST_(curl)/cmake-build-debug/_deps/curl-src/CMake/CurlTests.c'
/Users/mac/CLionProjects/prg_9laba_REST_(curl)/cmake-build-debug/_deps/curl-src/CMake/CurlTests.c:325:17: warning: unused parameter 'c' [-Wunused-parameter]
void check(char c) {}
                ^
/Users/mac/CLionProjects/prg_9laba_REST_(curl)/cmake-build-debug/_deps/curl-src/CMake/CurlTests.c:325:6: warning: no previous prototype for function 'check' [-Wmissing-prototypes]
void check(char c) {}
     ^
/Users/mac/CLionProjects/prg_9laba_REST_(curl)/cmake-build-debug/_deps/curl-src/CMake/CurlTests.c:325:1: note: declare 'static' if the function is not intended to be used outside of this translation unit
void check(char c) {}
^
static 
/Users/mac/CLionProjects/prg_9laba_REST_(curl)/cmake-build-debug/_deps/curl-src/CMake/CurlTests.c:331:51: error: subscripted value is not an array, pointer, or vector
  check(strerror_r(EACCES, buffer, sizeof(buffer))[0]);
        ~~~~~~~~~~~~~~~~~~~~~~~~~~~~~~~~~~~~~~~~~~^~
2 warnings and 1 error generated.
ninja: build stopped: subcommand failed.


